{"name":"hexo","hostname":"lileideMBP.lan","pid":85978,"level":20,"msg":"Hexo version: \u001b[35m3.6.0\u001b[39m","time":"2018-04-01T00:56:58.493Z","v":0}
{"name":"hexo","hostname":"lileideMBP.lan","pid":85978,"level":20,"msg":"Working directory: \u001b[35m~/blog/\u001b[39m","time":"2018-04-01T00:56:58.496Z","v":0}
{"name":"hexo","hostname":"lileideMBP.lan","pid":85978,"level":20,"msg":"Config loaded: \u001b[35m~/blog/_config.yml\u001b[39m","time":"2018-04-01T00:56:58.582Z","v":0}
{"name":"hexo","hostname":"lileideMBP.lan","pid":85978,"level":20,"msg":"Plugin loaded: \u001b[35mhexo-deployer-git\u001b[39m","time":"2018-04-01T00:56:58.614Z","v":0}
{"name":"hexo","hostname":"lileideMBP.lan","pid":85978,"level":20,"msg":"Plugin loaded: \u001b[35mhexo-generator-archive\u001b[39m","time":"2018-04-01T00:56:58.616Z","v":0}
{"name":"hexo","hostname":"lileideMBP.lan","pid":85978,"level":20,"msg":"Plugin loaded: \u001b[35mhexo-generator-category\u001b[39m","time":"2018-04-01T00:56:58.618Z","v":0}
{"name":"hexo","hostname":"lileideMBP.lan","pid":85978,"level":20,"msg":"Plugin loaded: \u001b[35mhexo-generator-index\u001b[39m","time":"2018-04-01T00:56:58.620Z","v":0}
{"name":"hexo","hostname":"lileideMBP.lan","pid":85978,"level":20,"msg":"Plugin loaded: \u001b[35mhexo-generator-json-content\u001b[39m","time":"2018-04-01T00:56:58.657Z","v":0}
{"name":"hexo","hostname":"lileideMBP.lan","pid":85978,"level":20,"msg":"Plugin loaded: \u001b[35mhexo-generator-tag\u001b[39m","time":"2018-04-01T00:56:58.657Z","v":0}
{"name":"hexo","hostname":"lileideMBP.lan","pid":85978,"level":20,"msg":"Plugin loaded: \u001b[35mhexo-renderer-ejs\u001b[39m","time":"2018-04-01T00:56:58.661Z","v":0}
{"name":"hexo","hostname":"lileideMBP.lan","pid":85978,"level":20,"msg":"Plugin loaded: \u001b[35mhexo-renderer-marked\u001b[39m","time":"2018-04-01T00:56:58.668Z","v":0}
{"name":"hexo","hostname":"lileideMBP.lan","pid":85978,"level":20,"msg":"Plugin loaded: \u001b[35mhexo-renderer-stylus\u001b[39m","time":"2018-04-01T00:56:58.669Z","v":0}
{"name":"hexo","hostname":"lileideMBP.lan","pid":85978,"level":20,"msg":"Plugin loaded: \u001b[35mhexo-server\u001b[39m","time":"2018-04-01T00:56:58.753Z","v":0}
{"name":"hexo","hostname":"lileideMBP.lan","pid":85978,"level":20,"msg":"Loading database.","time":"2018-04-01T00:56:58.765Z","v":0}
{"name":"hexo","hostname":"lileideMBP.lan","pid":85978,"level":30,"msg":"Start processing","time":"2018-04-01T00:56:58.988Z","v":0}
{"name":"hexo","hostname":"lileideMBP.lan","pid":85978,"level":20,"msg":"Processed: \u001b[35mdebug.log\u001b[39m","time":"2018-04-01T00:56:59.081Z","v":0}
{"name":"hexo","hostname":"lileideMBP.lan","pid":85978,"level":20,"msg":"Processed: \u001b[35mtest.html\u001b[39m","time":"2018-04-01T00:56:59.109Z","v":0}
{"name":"hexo","hostname":"lileideMBP.lan","pid":85978,"level":20,"msg":"Processed: \u001b[35mCNAME\u001b[39m","time":"2018-04-01T00:56:59.110Z","v":0}
{"name":"hexo","hostname":"lileideMBP.lan","pid":85978,"level":20,"msg":"Processed: \u001b[35micon.jpg\u001b[39m","time":"2018-04-01T00:56:59.110Z","v":0}
{"name":"hexo","hostname":"lileideMBP.lan","pid":85978,"level":20,"msg":"Processed: \u001b[35m_posts/2016-GoodBye-Hello-2017.md\u001b[39m","time":"2018-04-01T00:56:59.258Z","v":0}
{"name":"hexo","hostname":"lileideMBP.lan","pid":85978,"level":20,"msg":"Processed: \u001b[35m_posts/Actor-Critic.md\u001b[39m","time":"2018-04-01T00:56:59.258Z","v":0}
{"name":"hexo","hostname":"lileideMBP.lan","pid":85978,"level":20,"msg":"Processed: \u001b[35m_posts/AdapterPattern.md\u001b[39m","time":"2018-04-01T00:56:59.258Z","v":0}
{"name":"hexo","hostname":"lileideMBP.lan","pid":85978,"level":20,"msg":"Processed: \u001b[35m_posts/Adversarial-Papers-脉络梳理.md\u001b[39m","time":"2018-04-01T00:56:59.258Z","v":0}
{"name":"hexo","hostname":"lileideMBP.lan","pid":85978,"level":20,"msg":"Processed: \u001b[35m_posts/Adversarial-Training-Methods-For-Semi-Supervised-Text-Classification-阅读笔记.md\u001b[39m","time":"2018-04-01T00:56:59.258Z","v":0}
{"name":"hexo","hostname":"lileideMBP.lan","pid":85978,"level":20,"msg":"Processed: \u001b[35m_posts/Algorithms-Notebook.md\u001b[39m","time":"2018-04-01T00:56:59.259Z","v":0}
{"name":"hexo","hostname":"lileideMBP.lan","pid":85978,"level":20,"msg":"Processed: \u001b[35m_posts/Android-Scroll学习笔记.md\u001b[39m","time":"2018-04-01T00:56:59.259Z","v":0}
{"name":"hexo","hostname":"lileideMBP.lan","pid":85978,"level":20,"msg":"Processed: \u001b[35m_posts/Attention-Mechanism-学习笔记.md\u001b[39m","time":"2018-04-01T00:56:59.259Z","v":0}
{"name":"hexo","hostname":"lileideMBP.lan","pid":85978,"level":20,"msg":"Processed: \u001b[35m_posts/Attention-based-LSTM-for-Text-Classification.md\u001b[39m","time":"2018-04-01T00:56:59.259Z","v":0}
{"name":"hexo","hostname":"lileideMBP.lan","pid":85978,"level":20,"msg":"Processed: \u001b[35m_posts/BP算法推导.md\u001b[39m","time":"2018-04-01T00:56:59.259Z","v":0}
{"name":"hexo","hostname":"lileideMBP.lan","pid":85978,"level":20,"msg":"Processed: \u001b[35m_posts/Batch-Normalization-Learning-Notes.md\u001b[39m","time":"2018-04-01T00:56:59.259Z","v":0}
{"name":"hexo","hostname":"lileideMBP.lan","pid":85978,"level":20,"msg":"Processed: \u001b[35m_posts/BitOperators.md\u001b[39m","time":"2018-04-01T00:56:59.259Z","v":0}
{"name":"hexo","hostname":"lileideMBP.lan","pid":85978,"level":20,"msg":"Processed: \u001b[35m_posts/DataStructureLearning-Stack1.md\u001b[39m","time":"2018-04-01T00:56:59.259Z","v":0}
{"name":"hexo","hostname":"lileideMBP.lan","pid":85978,"level":20,"msg":"Processed: \u001b[35m_posts/DataStructureLearning-Stack2.md\u001b[39m","time":"2018-04-01T00:56:59.259Z","v":0}
{"name":"hexo","hostname":"lileideMBP.lan","pid":85978,"level":20,"msg":"Processed: \u001b[35m_posts/Dynamic-Programming-Learning.md\u001b[39m","time":"2018-04-01T00:56:59.259Z","v":0}
{"name":"hexo","hostname":"lileideMBP.lan","pid":85978,"level":20,"msg":"Processed: \u001b[35m_posts/FilterPlayer.md\u001b[39m","time":"2018-04-01T00:56:59.259Z","v":0}
{"name":"hexo","hostname":"lileideMBP.lan","pid":85978,"level":20,"msg":"Processed: \u001b[35m_posts/GAN-Notes.md\u001b[39m","time":"2018-04-01T00:56:59.259Z","v":0}
{"name":"hexo","hostname":"lileideMBP.lan","pid":85978,"level":20,"msg":"Processed: \u001b[35m_posts/Goodbye-2017-Hello-2018.md\u001b[39m","time":"2018-04-01T00:56:59.259Z","v":0}
{"name":"hexo","hostname":"lileideMBP.lan","pid":85978,"level":20,"msg":"Processed: \u001b[35m_posts/HashMap-in-Java.md\u001b[39m","time":"2018-04-01T00:56:59.260Z","v":0}
{"name":"hexo","hostname":"lileideMBP.lan","pid":85978,"level":20,"msg":"Processed: \u001b[35m_posts/Hello-Ralee-Our-Studio.md\u001b[39m","time":"2018-04-01T00:56:59.260Z","v":0}
{"name":"hexo","hostname":"lileideMBP.lan","pid":85978,"level":20,"msg":"Processed: \u001b[35m_posts/Hello-My-Blog.md\u001b[39m","time":"2018-04-01T00:56:59.260Z","v":0}
{"name":"hexo","hostname":"lileideMBP.lan","pid":85978,"level":20,"msg":"Processed: \u001b[35m_posts/I-m-nothing.md\u001b[39m","time":"2018-04-01T00:56:59.260Z","v":0}
{"name":"hexo","hostname":"lileideMBP.lan","pid":85978,"level":20,"msg":"Processed: \u001b[35m_posts/Lambda-Expressions.md\u001b[39m","time":"2018-04-01T00:56:59.260Z","v":0}
{"name":"hexo","hostname":"lileideMBP.lan","pid":85978,"level":20,"msg":"Processed: \u001b[35m_posts/Latex-Learning.md\u001b[39m","time":"2018-04-01T00:56:59.260Z","v":0}
{"name":"hexo","hostname":"lileideMBP.lan","pid":85978,"level":20,"msg":"Processed: \u001b[35m_posts/MNIST手写数字识别-Python.md\u001b[39m","time":"2018-04-01T00:56:59.260Z","v":0}
{"name":"hexo","hostname":"lileideMBP.lan","pid":85978,"level":20,"msg":"Processed: \u001b[35m_posts/MediaCodecLearning.md\u001b[39m","time":"2018-04-01T00:56:59.260Z","v":0}
{"name":"hexo","hostname":"lileideMBP.lan","pid":85978,"level":20,"msg":"Processed: \u001b[35m_posts/Override-and-Overload.md\u001b[39m","time":"2018-04-01T00:56:59.260Z","v":0}
{"name":"hexo","hostname":"lileideMBP.lan","pid":85978,"level":20,"msg":"Processed: \u001b[35m_posts/PythonLearning-Iterator.md\u001b[39m","time":"2018-04-01T00:56:59.261Z","v":0}
{"name":"hexo","hostname":"lileideMBP.lan","pid":85978,"level":20,"msg":"Processed: \u001b[35m_posts/Python爬虫学习-1.md\u001b[39m","time":"2018-04-01T00:56:59.261Z","v":0}
{"name":"hexo","hostname":"lileideMBP.lan","pid":85978,"level":20,"msg":"Processed: \u001b[35m_posts/Reinforcement-Learning1.md\u001b[39m","time":"2018-04-01T00:56:59.261Z","v":0}
{"name":"hexo","hostname":"lileideMBP.lan","pid":85978,"level":20,"msg":"Processed: \u001b[35m_posts/Retrofit-Learning.md\u001b[39m","time":"2018-04-01T00:56:59.261Z","v":0}
{"name":"hexo","hostname":"lileideMBP.lan","pid":85978,"level":20,"msg":"Processed: \u001b[35m_posts/Sentence-preprocessing-skills.md\u001b[39m","time":"2018-04-01T00:56:59.261Z","v":0}
{"name":"hexo","hostname":"lileideMBP.lan","pid":85978,"level":20,"msg":"Processed: \u001b[35m_posts/SeqGAN.md\u001b[39m","time":"2018-04-01T00:56:59.261Z","v":0}
{"name":"hexo","hostname":"lileideMBP.lan","pid":85978,"level":20,"msg":"Processed: \u001b[35m_posts/SynchronizeLearning.md\u001b[39m","time":"2018-04-01T00:56:59.261Z","v":0}
{"name":"hexo","hostname":"lileideMBP.lan","pid":85978,"level":20,"msg":"Processed: \u001b[35m_posts/Some-Feelings.md\u001b[39m","time":"2018-04-01T00:56:59.261Z","v":0}
{"name":"hexo","hostname":"lileideMBP.lan","pid":85978,"level":20,"msg":"Processed: \u001b[35m_posts/Taste-of-Paper.md\u001b[39m","time":"2018-04-01T00:56:59.261Z","v":0}
{"name":"hexo","hostname":"lileideMBP.lan","pid":85978,"level":20,"msg":"Processed: \u001b[35m_posts/TensorFlow初步.md\u001b[39m","time":"2018-04-01T00:56:59.261Z","v":0}
{"name":"hexo","hostname":"lileideMBP.lan","pid":85978,"level":20,"msg":"Processed: \u001b[35m_posts/Text-Classification代码学习笔记.md\u001b[39m","time":"2018-04-01T00:56:59.261Z","v":0}
{"name":"hexo","hostname":"lileideMBP.lan","pid":85978,"level":20,"msg":"Processed: \u001b[35m_posts/Thoughts-about-adversarial-training-methods-in-NLP.md\u001b[39m","time":"2018-04-01T00:56:59.261Z","v":0}
{"name":"hexo","hostname":"lileideMBP.lan","pid":85978,"level":20,"msg":"Processed: \u001b[35m_posts/Virtual-Methods-in-C-Learning-Notes.md\u001b[39m","time":"2018-04-01T00:56:59.262Z","v":0}
{"name":"hexo","hostname":"lileideMBP.lan","pid":85978,"level":20,"msg":"Processed: \u001b[35m_posts/WorkLoad.md\u001b[39m","time":"2018-04-01T00:56:59.262Z","v":0}
{"name":"hexo","hostname":"lileideMBP.lan","pid":85978,"level":20,"msg":"Processed: \u001b[35m_posts/java-1.md\u001b[39m","time":"2018-04-01T00:56:59.262Z","v":0}
{"name":"hexo","hostname":"lileideMBP.lan","pid":85978,"level":20,"msg":"Processed: \u001b[35m_posts/循环右移问题.md\u001b[39m","time":"2018-04-01T00:56:59.262Z","v":0}
{"name":"hexo","hostname":"lileideMBP.lan","pid":85978,"level":20,"msg":"Processed: \u001b[35m_posts/杂记.md\u001b[39m","time":"2018-04-01T00:56:59.263Z","v":0}
{"name":"hexo","hostname":"lileideMBP.lan","pid":85978,"level":20,"msg":"Processed: \u001b[35m_posts/深圳·大一·未来.md\u001b[39m","time":"2018-04-01T00:56:59.263Z","v":0}
{"name":"hexo","hostname":"lileideMBP.lan","pid":85978,"level":20,"msg":"Processed: \u001b[35m_posts/自定义View初探.md\u001b[39m","time":"2018-04-01T00:56:59.263Z","v":0}
{"name":"hexo","hostname":"lileideMBP.lan","pid":85978,"level":20,"msg":"Processed: \u001b[35m_posts/调参侠的自我修养.md\u001b[39m","time":"2018-04-01T00:56:59.263Z","v":0}
{"name":"hexo","hostname":"lileideMBP.lan","pid":85978,"level":20,"msg":"Processed: \u001b[35m_posts/黑镜观后感.md\u001b[39m","time":"2018-04-01T00:56:59.263Z","v":0}
{"name":"hexo","hostname":"lileideMBP.lan","pid":85978,"level":20,"msg":"Processed: \u001b[35mimg/alternative_radv.png\u001b[39m","time":"2018-04-01T00:56:59.265Z","v":0}
{"name":"hexo","hostname":"lileideMBP.lan","pid":85978,"level":20,"msg":"Processed: \u001b[35mimg/at_func.png\u001b[39m","time":"2018-04-01T00:56:59.265Z","v":0}
{"name":"hexo","hostname":"lileideMBP.lan","pid":85978,"level":20,"msg":"Processed: \u001b[35mimg/attention.jpeg\u001b[39m","time":"2018-04-01T00:56:59.266Z","v":0}
{"name":"hexo","hostname":"lileideMBP.lan","pid":85978,"level":20,"msg":"Processed: \u001b[35mimg/attention_softmax.png\u001b[39m","time":"2018-04-01T00:56:59.266Z","v":0}
{"name":"hexo","hostname":"lileideMBP.lan","pid":85978,"level":20,"msg":"Processed: \u001b[35mimg/codecState.png\u001b[39m","time":"2018-04-01T00:56:59.266Z","v":0}
{"name":"hexo","hostname":"lileideMBP.lan","pid":85978,"level":20,"msg":"Processed: \u001b[35mimg/critic.png\u001b[39m","time":"2018-04-01T00:56:59.266Z","v":0}
{"name":"hexo","hostname":"lileideMBP.lan","pid":85978,"level":20,"msg":"Processed: \u001b[35mimg/contents.png\u001b[39m","time":"2018-04-01T00:56:59.268Z","v":0}
{"name":"hexo","hostname":"lileideMBP.lan","pid":85978,"level":20,"msg":"Processed: \u001b[35mimg/dpg.png\u001b[39m","time":"2018-04-01T00:56:59.268Z","v":0}
{"name":"hexo","hostname":"lileideMBP.lan","pid":85978,"level":20,"msg":"Processed: \u001b[35mimg/form_data.png\u001b[39m","time":"2018-04-01T00:56:59.268Z","v":0}
{"name":"hexo","hostname":"lileideMBP.lan","pid":85978,"level":20,"msg":"Processed: \u001b[35mimg/hash_change.png\u001b[39m","time":"2018-04-01T00:56:59.270Z","v":0}
{"name":"hexo","hostname":"lileideMBP.lan","pid":85978,"level":20,"msg":"Processed: \u001b[35mimg/hash_change2.png\u001b[39m","time":"2018-04-01T00:56:59.270Z","v":0}
{"name":"hexo","hostname":"lileideMBP.lan","pid":85978,"level":20,"msg":"Processed: \u001b[35mimg/hash_example.png\u001b[39m","time":"2018-04-01T00:56:59.271Z","v":0}
{"name":"hexo","hostname":"lileideMBP.lan","pid":85978,"level":20,"msg":"Processed: \u001b[35mimg/mc.png\u001b[39m","time":"2018-04-01T00:56:59.272Z","v":0}
{"name":"hexo","hostname":"lileideMBP.lan","pid":85978,"level":20,"msg":"Processed: \u001b[35mimg/my_textview.gif\u001b[39m","time":"2018-04-01T00:56:59.272Z","v":0}
{"name":"hexo","hostname":"lileideMBP.lan","pid":85978,"level":20,"msg":"Processed: \u001b[35mimg/nmt_model.png\u001b[39m","time":"2018-04-01T00:56:59.273Z","v":0}
{"name":"hexo","hostname":"lileideMBP.lan","pid":85978,"level":20,"msg":"Processed: \u001b[35mimg/normalization.png\u001b[39m","time":"2018-04-01T00:56:59.273Z","v":0}
{"name":"hexo","hostname":"lileideMBP.lan","pid":85978,"level":20,"msg":"Processed: \u001b[35mimg/pg.png\u001b[39m","time":"2018-04-01T00:56:59.273Z","v":0}
{"name":"hexo","hostname":"lileideMBP.lan","pid":85978,"level":20,"msg":"Processed: \u001b[35mimg/pg2.png\u001b[39m","time":"2018-04-01T00:56:59.273Z","v":0}
{"name":"hexo","hostname":"lileideMBP.lan","pid":85978,"level":20,"msg":"Processed: \u001b[35mimg/policy.png\u001b[39m","time":"2018-04-01T00:56:59.273Z","v":0}
{"name":"hexo","hostname":"lileideMBP.lan","pid":85978,"level":20,"msg":"Processed: \u001b[35mimg/pt_func.png\u001b[39m","time":"2018-04-01T00:56:59.274Z","v":0}
{"name":"hexo","hostname":"lileideMBP.lan","pid":85978,"level":20,"msg":"Processed: \u001b[35mimg/r_adv.png\u001b[39m","time":"2018-04-01T00:56:59.274Z","v":0}
{"name":"hexo","hostname":"lileideMBP.lan","pid":85978,"level":20,"msg":"Processed: \u001b[35mimg/score_func.png\u001b[39m","time":"2018-04-01T00:56:59.274Z","v":0}
{"name":"hexo","hostname":"lileideMBP.lan","pid":85978,"level":20,"msg":"Processed: \u001b[35mimg/semi_adv.png\u001b[39m","time":"2018-04-01T00:56:59.275Z","v":0}
{"name":"hexo","hostname":"lileideMBP.lan","pid":85978,"level":20,"msg":"Processed: \u001b[35mimg/semi_radv.png\u001b[39m","time":"2018-04-01T00:56:59.275Z","v":0}
{"name":"hexo","hostname":"lileideMBP.lan","pid":85978,"level":20,"msg":"Processed: \u001b[35mimg/seqreward.png\u001b[39m","time":"2018-04-01T00:56:59.275Z","v":0}
{"name":"hexo","hostname":"lileideMBP.lan","pid":85978,"level":20,"msg":"Processed: \u001b[35mimg/standard.png\u001b[39m","time":"2018-04-01T00:56:59.275Z","v":0}
{"name":"hexo","hostname":"lileideMBP.lan","pid":85978,"level":20,"msg":"Processed: \u001b[35mimg/target.png\u001b[39m","time":"2018-04-01T00:56:59.276Z","v":0}
{"name":"hexo","hostname":"lileideMBP.lan","pid":85978,"level":20,"msg":"Processed: \u001b[35mimg/view_tree.png\u001b[39m","time":"2018-04-01T00:56:59.277Z","v":0}
{"name":"hexo","hostname":"lileideMBP.lan","pid":85978,"level":20,"msg":"Processed: \u001b[35msource/main.266c1c.css\u001b[39m","time":"2018-04-01T00:56:59.277Z","v":0}
{"name":"hexo","hostname":"lileideMBP.lan","pid":85978,"level":20,"msg":"Processed: \u001b[35msource/slider.096dc6.js\u001b[39m","time":"2018-04-01T00:56:59.277Z","v":0}
{"name":"hexo","hostname":"lileideMBP.lan","pid":85978,"level":20,"msg":"Processed: \u001b[35mimg/bn_gradients.png\u001b[39m","time":"2018-04-01T00:56:59.289Z","v":0}
{"name":"hexo","hostname":"lileideMBP.lan","pid":85978,"level":20,"msg":"Processed: \u001b[35mimg/global_attention.png\u001b[39m","time":"2018-04-01T00:56:59.289Z","v":0}
{"name":"hexo","hostname":"lileideMBP.lan","pid":85978,"level":20,"msg":"Processed: \u001b[35mimg/internal_covariate_shift.png\u001b[39m","time":"2018-04-01T00:56:59.290Z","v":0}
{"name":"hexo","hostname":"lileideMBP.lan","pid":85978,"level":20,"msg":"Processed: \u001b[35mimg/local_attention.png\u001b[39m","time":"2018-04-01T00:56:59.290Z","v":0}
{"name":"hexo","hostname":"lileideMBP.lan","pid":85978,"level":20,"msg":"Processed: \u001b[35mimg/lt.png\u001b[39m","time":"2018-04-01T00:56:59.290Z","v":0}
{"name":"hexo","hostname":"lileideMBP.lan","pid":85978,"level":20,"msg":"Processed: \u001b[35mimg/score.png\u001b[39m","time":"2018-04-01T00:56:59.290Z","v":0}
{"name":"hexo","hostname":"lileideMBP.lan","pid":85978,"level":20,"msg":"Processed: \u001b[35mimg/skim.png\u001b[39m","time":"2018-04-01T00:56:59.290Z","v":0}
{"name":"hexo","hostname":"lileideMBP.lan","pid":85978,"level":20,"msg":"Processed: \u001b[35mimg/softmax.png\u001b[39m","time":"2018-04-01T00:56:59.291Z","v":0}
{"name":"hexo","hostname":"lileideMBP.lan","pid":85978,"level":20,"msg":"Processed: \u001b[35msource/main.266c1c.js\u001b[39m","time":"2018-04-01T00:56:59.291Z","v":0}
{"name":"hexo","hostname":"lileideMBP.lan","pid":85978,"level":20,"msg":"Processed: \u001b[35msource/mobile.906508.js\u001b[39m","time":"2018-04-01T00:56:59.293Z","v":0}
{"name":"hexo","hostname":"lileideMBP.lan","pid":85978,"level":20,"msg":"Theme config loaded.","time":"2018-04-01T00:56:59.315Z","v":0}
{"name":"hexo","hostname":"lileideMBP.lan","pid":85978,"level":20,"msg":"Processed: \u001b[35m_config.yml\u001b[39m","time":"2018-04-01T00:56:59.318Z","v":0}
{"name":"hexo","hostname":"lileideMBP.lan","pid":85978,"level":20,"msg":"Processed: \u001b[35mimg/agent.png\u001b[39m","time":"2018-04-01T00:56:59.318Z","v":0}
{"name":"hexo","hostname":"lileideMBP.lan","pid":85978,"level":20,"msg":"Processed: \u001b[35mimg/bn_al.png\u001b[39m","time":"2018-04-01T00:56:59.318Z","v":0}
{"name":"hexo","hostname":"lileideMBP.lan","pid":85978,"level":20,"msg":"Processed: \u001b[35mimg/game.gif\u001b[39m","time":"2018-04-01T00:56:59.319Z","v":0}
{"name":"hexo","hostname":"lileideMBP.lan","pid":85978,"level":20,"msg":"Processed: \u001b[35mimg/loss.png\u001b[39m","time":"2018-04-01T00:56:59.320Z","v":0}
{"name":"hexo","hostname":"lileideMBP.lan","pid":85978,"level":20,"msg":"Processed: \u001b[35mimg/neighbors.png\u001b[39m","time":"2018-04-01T00:56:59.320Z","v":0}
{"name":"hexo","hostname":"lileideMBP.lan","pid":85978,"level":20,"msg":"Processed: \u001b[35mimg/position_methods.png\u001b[39m","time":"2018-04-01T00:56:59.321Z","v":0}
{"name":"hexo","hostname":"lileideMBP.lan","pid":85978,"level":20,"msg":"Processed: \u001b[35mimg/practice.png\u001b[39m","time":"2018-04-01T00:56:59.321Z","v":0}
{"name":"hexo","hostname":"lileideMBP.lan","pid":85978,"level":20,"msg":"Processed: \u001b[35msource/fonts/default-skin.b257fa.svg\u001b[39m","time":"2018-04-01T00:56:59.321Z","v":0}
{"name":"hexo","hostname":"lileideMBP.lan","pid":85978,"level":20,"msg":"Processed: \u001b[35msource/fonts/iconfont.16acc2.ttf\u001b[39m","time":"2018-04-01T00:56:59.322Z","v":0}
{"name":"hexo","hostname":"lileideMBP.lan","pid":85978,"level":20,"msg":"Processed: \u001b[35msource/fonts/iconfont.45d7ee.svg\u001b[39m","time":"2018-04-01T00:56:59.322Z","v":0}
{"name":"hexo","hostname":"lileideMBP.lan","pid":85978,"level":20,"msg":"Processed: \u001b[35msource/fonts/iconfont.8c627f.woff\u001b[39m","time":"2018-04-01T00:56:59.322Z","v":0}
{"name":"hexo","hostname":"lileideMBP.lan","pid":85978,"level":20,"msg":"Processed: \u001b[35msource/fonts/iconfont.b322fa.eot\u001b[39m","time":"2018-04-01T00:56:59.322Z","v":0}
{"name":"hexo","hostname":"lileideMBP.lan","pid":85978,"level":20,"msg":"Processed: \u001b[35msource/fonts/tooltip.4004ff.svg\u001b[39m","time":"2018-04-01T00:56:59.322Z","v":0}
{"name":"hexo","hostname":"lileideMBP.lan","pid":85978,"level":20,"msg":"Processed: \u001b[35msource/img/default-skin.png\u001b[39m","time":"2018-04-01T00:56:59.323Z","v":0}
{"name":"hexo","hostname":"lileideMBP.lan","pid":85978,"level":20,"msg":"Processed: \u001b[35msource/img/preloader.gif\u001b[39m","time":"2018-04-01T00:56:59.323Z","v":0}
{"name":"hexo","hostname":"lileideMBP.lan","pid":85978,"level":20,"msg":"Processed: \u001b[35msource/img/scrollbar_arrow.png\u001b[39m","time":"2018-04-01T00:56:59.323Z","v":0}
{"name":"hexo","hostname":"lileideMBP.lan","pid":85978,"level":20,"msg":"Processed: \u001b[35mimg/EWMA.png\u001b[39m","time":"2018-04-01T00:56:59.330Z","v":0}
{"name":"hexo","hostname":"lileideMBP.lan","pid":85978,"level":20,"msg":"Processed: \u001b[35mimg/adv_loss.png\u001b[39m","time":"2018-04-01T00:56:59.330Z","v":0}
{"name":"hexo","hostname":"lileideMBP.lan","pid":85978,"level":20,"msg":"Processed: \u001b[35mimg/moveRight.png\u001b[39m","time":"2018-04-01T00:56:59.330Z","v":0}
{"name":"hexo","hostname":"lileideMBP.lan","pid":85978,"level":20,"msg":"Processed: \u001b[35mimg/scroll_view.gif\u001b[39m","time":"2018-04-01T00:56:59.331Z","v":0}
{"name":"hexo","hostname":"lileideMBP.lan","pid":85978,"level":20,"msg":"Processed: \u001b[35mimg/seqgan.png\u001b[39m","time":"2018-04-01T00:56:59.332Z","v":0}
{"name":"hexo","hostname":"lileideMBP.lan","pid":85978,"level":20,"msg":"Processed: \u001b[35mimg/temp.png\u001b[39m","time":"2018-04-01T00:56:59.332Z","v":0}
{"name":"hexo","hostname":"lileideMBP.lan","pid":85978,"level":20,"msg":"Processed: \u001b[35mlayout/archive.ejs\u001b[39m","time":"2018-04-01T00:56:59.347Z","v":0}
{"name":"hexo","hostname":"lileideMBP.lan","pid":85978,"level":20,"msg":"Processed: \u001b[35mlayout/category.ejs\u001b[39m","time":"2018-04-01T00:56:59.348Z","v":0}
{"name":"hexo","hostname":"lileideMBP.lan","pid":85978,"level":20,"msg":"Processed: \u001b[35mlayout/index.ejs\u001b[39m","time":"2018-04-01T00:56:59.348Z","v":0}
{"name":"hexo","hostname":"lileideMBP.lan","pid":85978,"level":20,"msg":"Processed: \u001b[35mlayout/layout.ejs\u001b[39m","time":"2018-04-01T00:56:59.349Z","v":0}
{"name":"hexo","hostname":"lileideMBP.lan","pid":85978,"level":20,"msg":"Processed: \u001b[35mlayout/page.ejs\u001b[39m","time":"2018-04-01T00:56:59.349Z","v":0}
{"name":"hexo","hostname":"lileideMBP.lan","pid":85978,"level":20,"msg":"Processed: \u001b[35mlayout/post.ejs\u001b[39m","time":"2018-04-01T00:56:59.349Z","v":0}
{"name":"hexo","hostname":"lileideMBP.lan","pid":85978,"level":20,"msg":"Processed: \u001b[35mlayout/tag.ejs\u001b[39m","time":"2018-04-01T00:56:59.349Z","v":0}
{"name":"hexo","hostname":"lileideMBP.lan","pid":85978,"level":20,"msg":"Processed: \u001b[35mlanguages/default.yml\u001b[39m","time":"2018-04-01T00:56:59.356Z","v":0}
{"name":"hexo","hostname":"lileideMBP.lan","pid":85978,"level":20,"msg":"Processed: \u001b[35mlanguages/fr.yml\u001b[39m","time":"2018-04-01T00:56:59.356Z","v":0}
{"name":"hexo","hostname":"lileideMBP.lan","pid":85978,"level":20,"msg":"Processed: \u001b[35mlanguages/nl.yml\u001b[39m","time":"2018-04-01T00:56:59.356Z","v":0}
{"name":"hexo","hostname":"lileideMBP.lan","pid":85978,"level":20,"msg":"Processed: \u001b[35mlanguages/no.yml\u001b[39m","time":"2018-04-01T00:56:59.356Z","v":0}
{"name":"hexo","hostname":"lileideMBP.lan","pid":85978,"level":20,"msg":"Processed: \u001b[35mlanguages/ru.yml\u001b[39m","time":"2018-04-01T00:56:59.356Z","v":0}
{"name":"hexo","hostname":"lileideMBP.lan","pid":85978,"level":20,"msg":"Processed: \u001b[35mlanguages/zh-CN.yml\u001b[39m","time":"2018-04-01T00:56:59.356Z","v":0}
{"name":"hexo","hostname":"lileideMBP.lan","pid":85978,"level":20,"msg":"Processed: \u001b[35mlanguages/zh-tw.yml\u001b[39m","time":"2018-04-01T00:56:59.356Z","v":0}
{"name":"hexo","hostname":"lileideMBP.lan","pid":85978,"level":20,"msg":"Processed: \u001b[35mimg/JSD.png\u001b[39m","time":"2018-04-01T00:56:59.356Z","v":0}
{"name":"hexo","hostname":"lileideMBP.lan","pid":85978,"level":20,"msg":"Processed: \u001b[35mimg/adapter.png\u001b[39m","time":"2018-04-01T00:56:59.357Z","v":0}
{"name":"hexo","hostname":"lileideMBP.lan","pid":85978,"level":20,"msg":"Processed: \u001b[35mimg/linked_address.png\u001b[39m","time":"2018-04-01T00:56:59.357Z","v":0}
{"name":"hexo","hostname":"lileideMBP.lan","pid":85978,"level":20,"msg":"Processed: \u001b[35mimg/momentum.png\u001b[39m","time":"2018-04-01T00:56:59.357Z","v":0}
{"name":"hexo","hostname":"lileideMBP.lan","pid":85978,"level":20,"msg":"Processed: \u001b[35mimg/pgnn.png\u001b[39m","time":"2018-04-01T00:56:59.357Z","v":0}
{"name":"hexo","hostname":"lileideMBP.lan","pid":85978,"level":20,"msg":"Processed: \u001b[35mimg/rgb.png\u001b[39m","time":"2018-04-01T00:56:59.358Z","v":0}
{"name":"hexo","hostname":"lileideMBP.lan","pid":85978,"level":20,"msg":"Processed: \u001b[35mimg/seq_algorithm.png\u001b[39m","time":"2018-04-01T00:56:59.358Z","v":0}
{"name":"hexo","hostname":"lileideMBP.lan","pid":85978,"level":20,"msg":"Processed: \u001b[35mimg/value_fit.png\u001b[39m","time":"2018-04-01T00:56:59.358Z","v":0}
{"name":"hexo","hostname":"lileideMBP.lan","pid":85978,"level":20,"msg":"Processed: \u001b[35mlayout/_partial/toc.ejs\u001b[39m","time":"2018-04-01T00:56:59.362Z","v":0}
{"name":"hexo","hostname":"lileideMBP.lan","pid":85978,"level":20,"msg":"Processed: \u001b[35mimg/BN.png\u001b[39m","time":"2018-04-01T00:56:59.362Z","v":0}
{"name":"hexo","hostname":"lileideMBP.lan","pid":85978,"level":20,"msg":"Processed: \u001b[35mimg/RMS.png\u001b[39m","time":"2018-04-01T00:56:59.363Z","v":0}
{"name":"hexo","hostname":"lileideMBP.lan","pid":85978,"level":20,"msg":"Processed: \u001b[35mimg/activity.jpg\u001b[39m","time":"2018-04-01T00:56:59.363Z","v":0}
{"name":"hexo","hostname":"lileideMBP.lan","pid":85978,"level":20,"msg":"Processed: \u001b[35mlayout/_partial/after-footer.ejs\u001b[39m","time":"2018-04-01T00:56:59.381Z","v":0}
{"name":"hexo","hostname":"lileideMBP.lan","pid":85978,"level":20,"msg":"Processed: \u001b[35mlayout/_partial/archive-post.ejs\u001b[39m","time":"2018-04-01T00:56:59.381Z","v":0}
{"name":"hexo","hostname":"lileideMBP.lan","pid":85978,"level":20,"msg":"Processed: \u001b[35mlayout/_partial/archive.ejs\u001b[39m","time":"2018-04-01T00:56:59.381Z","v":0}
{"name":"hexo","hostname":"lileideMBP.lan","pid":85978,"level":20,"msg":"Processed: \u001b[35mlayout/_partial/article.ejs\u001b[39m","time":"2018-04-01T00:56:59.382Z","v":0}
{"name":"hexo","hostname":"lileideMBP.lan","pid":85978,"level":20,"msg":"Processed: \u001b[35mlayout/_partial/aside.ejs\u001b[39m","time":"2018-04-01T00:56:59.382Z","v":0}
{"name":"hexo","hostname":"lileideMBP.lan","pid":85978,"level":20,"msg":"Processed: \u001b[35mlayout/_partial/baidu-analytics.ejs\u001b[39m","time":"2018-04-01T00:56:59.382Z","v":0}
{"name":"hexo","hostname":"lileideMBP.lan","pid":85978,"level":20,"msg":"Processed: \u001b[35mlayout/_partial/css.ejs\u001b[39m","time":"2018-04-01T00:56:59.382Z","v":0}
{"name":"hexo","hostname":"lileideMBP.lan","pid":85978,"level":20,"msg":"Processed: \u001b[35mlayout/_partial/footer.ejs\u001b[39m","time":"2018-04-01T00:56:59.382Z","v":0}
{"name":"hexo","hostname":"lileideMBP.lan","pid":85978,"level":20,"msg":"Processed: \u001b[35mlayout/_partial/google-analytics.ejs\u001b[39m","time":"2018-04-01T00:56:59.382Z","v":0}
{"name":"hexo","hostname":"lileideMBP.lan","pid":85978,"level":20,"msg":"Processed: \u001b[35mlayout/_partial/head.ejs\u001b[39m","time":"2018-04-01T00:56:59.382Z","v":0}
{"name":"hexo","hostname":"lileideMBP.lan","pid":85978,"level":20,"msg":"Processed: \u001b[35mlayout/_partial/header.ejs\u001b[39m","time":"2018-04-01T00:56:59.382Z","v":0}
{"name":"hexo","hostname":"lileideMBP.lan","pid":85978,"level":20,"msg":"Processed: \u001b[35mlayout/_partial/left-col.ejs\u001b[39m","time":"2018-04-01T00:56:59.382Z","v":0}
{"name":"hexo","hostname":"lileideMBP.lan","pid":85978,"level":20,"msg":"Processed: \u001b[35mlayout/_partial/mathjax.ejs\u001b[39m","time":"2018-04-01T00:56:59.382Z","v":0}
{"name":"hexo","hostname":"lileideMBP.lan","pid":85978,"level":20,"msg":"Processed: \u001b[35mlayout/_partial/mobile-nav.ejs\u001b[39m","time":"2018-04-01T00:56:59.382Z","v":0}
{"name":"hexo","hostname":"lileideMBP.lan","pid":85978,"level":20,"msg":"Processed: \u001b[35mlayout/_partial/tools.ejs\u001b[39m","time":"2018-04-01T00:56:59.382Z","v":0}
{"name":"hexo","hostname":"lileideMBP.lan","pid":85978,"level":20,"msg":"Processed: \u001b[35mlayout/_partial/viewer.ejs\u001b[39m","time":"2018-04-01T00:56:59.382Z","v":0}
{"name":"hexo","hostname":"lileideMBP.lan","pid":85978,"level":20,"msg":"Processed: \u001b[35mimg/BP1.png\u001b[39m","time":"2018-04-01T00:56:59.383Z","v":0}
{"name":"hexo","hostname":"lileideMBP.lan","pid":85978,"level":20,"msg":"Processed: \u001b[35mimg/BPtips.png\u001b[39m","time":"2018-04-01T00:56:59.383Z","v":0}
{"name":"hexo","hostname":"lileideMBP.lan","pid":85978,"level":20,"msg":"Processed: \u001b[35mimg/VGD.png\u001b[39m","time":"2018-04-01T00:56:59.384Z","v":0}
{"name":"hexo","hostname":"lileideMBP.lan","pid":85978,"level":20,"msg":"Processed: \u001b[35mimg/maxVGD.png\u001b[39m","time":"2018-04-01T00:56:59.384Z","v":0}
{"name":"hexo","hostname":"lileideMBP.lan","pid":85978,"level":20,"msg":"Processed: \u001b[35mimg/mode_collapse.png\u001b[39m","time":"2018-04-01T00:56:59.384Z","v":0}
{"name":"hexo","hostname":"lileideMBP.lan","pid":85978,"level":20,"msg":"Processed: \u001b[35mlayout/_partial/script.ejs\u001b[39m","time":"2018-04-01T00:56:59.391Z","v":0}
{"name":"hexo","hostname":"lileideMBP.lan","pid":85978,"level":20,"msg":"Processed: \u001b[35mimg/BP2.png\u001b[39m","time":"2018-04-01T00:56:59.392Z","v":0}
{"name":"hexo","hostname":"lileideMBP.lan","pid":85978,"level":20,"msg":"Processed: \u001b[35mimg/feature_scaling.png\u001b[39m","time":"2018-04-01T00:56:59.392Z","v":0}
{"name":"hexo","hostname":"lileideMBP.lan","pid":85978,"level":20,"msg":"Processed: \u001b[35mimg/landscape.jpg\u001b[39m","time":"2018-04-01T00:56:59.392Z","v":0}
{"name":"hexo","hostname":"lileideMBP.lan","pid":85978,"level":20,"msg":"Processed: \u001b[35mimg/mle.png\u001b[39m","time":"2018-04-01T00:56:59.392Z","v":0}
{"name":"hexo","hostname":"lileideMBP.lan","pid":85978,"level":20,"msg":"Processed: \u001b[35mlayout/_partial/post/changyan.ejs\u001b[39m","time":"2018-04-01T00:56:59.397Z","v":0}
{"name":"hexo","hostname":"lileideMBP.lan","pid":85978,"level":20,"msg":"Processed: \u001b[35mlayout/_partial/post/category.ejs\u001b[39m","time":"2018-04-01T00:56:59.397Z","v":0}
{"name":"hexo","hostname":"lileideMBP.lan","pid":85978,"level":20,"msg":"Processed: \u001b[35mlayout/_partial/post/duoshuo.ejs\u001b[39m","time":"2018-04-01T00:56:59.397Z","v":0}
{"name":"hexo","hostname":"lileideMBP.lan","pid":85978,"level":20,"msg":"Processed: \u001b[35mlayout/_partial/post/date.ejs\u001b[39m","time":"2018-04-01T00:56:59.397Z","v":0}
{"name":"hexo","hostname":"lileideMBP.lan","pid":85978,"level":20,"msg":"Processed: \u001b[35mlayout/_partial/post/nav.ejs\u001b[39m","time":"2018-04-01T00:56:59.397Z","v":0}
{"name":"hexo","hostname":"lileideMBP.lan","pid":85978,"level":20,"msg":"Processed: \u001b[35mlayout/_partial/post/share.ejs\u001b[39m","time":"2018-04-01T00:56:59.397Z","v":0}
{"name":"hexo","hostname":"lileideMBP.lan","pid":85978,"level":20,"msg":"Processed: \u001b[35mlayout/_partial/post/title.ejs\u001b[39m","time":"2018-04-01T00:56:59.397Z","v":0}
{"name":"hexo","hostname":"lileideMBP.lan","pid":85978,"level":20,"msg":"Processed: \u001b[35mlayout/_partial/post/tag.ejs\u001b[39m","time":"2018-04-01T00:56:59.397Z","v":0}
{"name":"hexo","hostname":"lileideMBP.lan","pid":85978,"level":20,"msg":"Processed: \u001b[35mlayout/_partial/post/wangyiyun.ejs\u001b[39m","time":"2018-04-01T00:56:59.397Z","v":0}
{"name":"hexo","hostname":"lileideMBP.lan","pid":85978,"level":20,"msg":"Processed: \u001b[35mimg/algorithm.png\u001b[39m","time":"2018-04-01T00:56:59.399Z","v":0}
{"name":"hexo","hostname":"lileideMBP.lan","pid":85978,"level":20,"msg":"Processed: \u001b[35mimg/mathNotation.png\u001b[39m","time":"2018-04-01T00:56:59.399Z","v":0}
{"name":"hexo","hostname":"lileideMBP.lan","pid":85978,"level":20,"msg":"Processed: \u001b[35mimg/ret.gif\u001b[39m","time":"2018-04-01T00:56:59.399Z","v":0}
{"name":"hexo","hostname":"lileideMBP.lan","pid":85978,"level":20,"msg":"Processed: \u001b[35mimg/theta.png\u001b[39m","time":"2018-04-01T00:56:59.399Z","v":0}
{"name":"hexo","hostname":"lileideMBP.lan","pid":85978,"level":20,"msg":"Processed: \u001b[35mimg/adv_example.png\u001b[39m","time":"2018-04-01T00:56:59.401Z","v":0}
{"name":"hexo","hostname":"lileideMBP.lan","pid":85978,"level":20,"msg":"Processed: \u001b[35mimg/real_algorithm.png\u001b[39m","time":"2018-04-01T00:56:59.402Z","v":0}
{"name":"hexo","hostname":"lileideMBP.lan","pid":85978,"level":20,"msg":"Processed: \u001b[35mimg/landscape.png\u001b[39m","time":"2018-04-01T00:56:59.405Z","v":0}
{"name":"hexo","hostname":"lileideMBP.lan","pid":85978,"level":20,"msg":"Processed: \u001b[35mimg/vtable.png\u001b[39m","time":"2018-04-01T00:56:59.405Z","v":0}
{"name":"hexo","hostname":"lileideMBP.lan","pid":85978,"level":20,"msg":"Generator: \u001b[35mpage\u001b[39m","time":"2018-04-01T00:56:59.604Z","v":0}
{"name":"hexo","hostname":"lileideMBP.lan","pid":85978,"level":20,"msg":"Generator: \u001b[35mpost\u001b[39m","time":"2018-04-01T00:56:59.604Z","v":0}
{"name":"hexo","hostname":"lileideMBP.lan","pid":85978,"level":20,"msg":"Generator: \u001b[35marchive\u001b[39m","time":"2018-04-01T00:56:59.604Z","v":0}
{"name":"hexo","hostname":"lileideMBP.lan","pid":85978,"level":20,"msg":"Generator: \u001b[35mcategory\u001b[39m","time":"2018-04-01T00:56:59.604Z","v":0}
{"name":"hexo","hostname":"lileideMBP.lan","pid":85978,"level":20,"msg":"Generator: \u001b[35mindex\u001b[39m","time":"2018-04-01T00:56:59.604Z","v":0}
{"name":"hexo","hostname":"lileideMBP.lan","pid":85978,"level":20,"msg":"Generator: \u001b[35mjson-content\u001b[39m","time":"2018-04-01T00:56:59.604Z","v":0}
{"name":"hexo","hostname":"lileideMBP.lan","pid":85978,"level":20,"msg":"Generator: \u001b[35mtag\u001b[39m","time":"2018-04-01T00:56:59.605Z","v":0}
{"name":"hexo","hostname":"lileideMBP.lan","pid":85978,"level":20,"msg":"Generator: \u001b[35masset\u001b[39m","time":"2018-04-01T00:56:59.605Z","v":0}
{"name":"hexo","hostname":"lileideMBP.lan","pid":85978,"level":30,"msg":"Hexo is running at \u001b[4mhttp://localhost:4000/\u001b[24m. Press Ctrl+C to stop.","time":"2018-04-01T00:56:59.623Z","v":0}
{"name":"hexo","hostname":"lileideMBP.lan","pid":85978,"level":20,"msg":"Database saved","time":"2018-04-01T00:56:59.676Z","v":0}
{"name":"hexo","hostname":"lileideMBP.lan","pid":85978,"level":20,"msg":"Rendering index: \u001b[35mindex.html\u001b[39m","time":"2018-04-01T00:57:02.337Z","v":0}
{"name":"hexo","hostname":"lileideMBP.lan","pid":85978,"level":20,"msg":"Rendering page: \u001b[35mtest.html\u001b[39m","time":"2018-04-01T00:57:08.131Z","v":0}
{"name":"hexo","hostname":"lileideMBP.lan","pid":85978,"level":20,"msg":"Generator: \u001b[35mpage\u001b[39m","time":"2018-04-01T00:57:24.509Z","v":0}
{"name":"hexo","hostname":"lileideMBP.lan","pid":85978,"level":20,"msg":"Generator: \u001b[35mpost\u001b[39m","time":"2018-04-01T00:57:24.509Z","v":0}
{"name":"hexo","hostname":"lileideMBP.lan","pid":85978,"level":20,"msg":"Generator: \u001b[35marchive\u001b[39m","time":"2018-04-01T00:57:24.509Z","v":0}
{"name":"hexo","hostname":"lileideMBP.lan","pid":85978,"level":20,"msg":"Generator: \u001b[35mcategory\u001b[39m","time":"2018-04-01T00:57:24.509Z","v":0}
{"name":"hexo","hostname":"lileideMBP.lan","pid":85978,"level":20,"msg":"Generator: \u001b[35mindex\u001b[39m","time":"2018-04-01T00:57:24.509Z","v":0}
{"name":"hexo","hostname":"lileideMBP.lan","pid":85978,"level":20,"msg":"Generator: \u001b[35mjson-content\u001b[39m","time":"2018-04-01T00:57:24.509Z","v":0}
{"name":"hexo","hostname":"lileideMBP.lan","pid":85978,"level":20,"msg":"Generator: \u001b[35mtag\u001b[39m","time":"2018-04-01T00:57:24.509Z","v":0}
{"name":"hexo","hostname":"lileideMBP.lan","pid":85978,"level":20,"msg":"Generator: \u001b[35masset\u001b[39m","time":"2018-04-01T00:57:24.512Z","v":0}
{"name":"hexo","hostname":"lileideMBP.lan","pid":85978,"level":20,"msg":"Generator: \u001b[35mpage\u001b[39m","time":"2018-04-01T00:57:29.938Z","v":0}
{"name":"hexo","hostname":"lileideMBP.lan","pid":85978,"level":20,"msg":"Generator: \u001b[35mpost\u001b[39m","time":"2018-04-01T00:57:29.938Z","v":0}
{"name":"hexo","hostname":"lileideMBP.lan","pid":85978,"level":20,"msg":"Generator: \u001b[35marchive\u001b[39m","time":"2018-04-01T00:57:29.938Z","v":0}
{"name":"hexo","hostname":"lileideMBP.lan","pid":85978,"level":20,"msg":"Generator: \u001b[35mcategory\u001b[39m","time":"2018-04-01T00:57:29.938Z","v":0}
{"name":"hexo","hostname":"lileideMBP.lan","pid":85978,"level":20,"msg":"Generator: \u001b[35mindex\u001b[39m","time":"2018-04-01T00:57:29.938Z","v":0}
{"name":"hexo","hostname":"lileideMBP.lan","pid":85978,"level":20,"msg":"Generator: \u001b[35mjson-content\u001b[39m","time":"2018-04-01T00:57:29.938Z","v":0}
{"name":"hexo","hostname":"lileideMBP.lan","pid":85978,"level":20,"msg":"Generator: \u001b[35mtag\u001b[39m","time":"2018-04-01T00:57:29.938Z","v":0}
{"name":"hexo","hostname":"lileideMBP.lan","pid":85978,"level":20,"msg":"Generator: \u001b[35masset\u001b[39m","time":"2018-04-01T00:57:29.940Z","v":0}
{"name":"hexo","hostname":"lileideMBP.lan","pid":85978,"level":20,"msg":"Generator: \u001b[35mpage\u001b[39m","time":"2018-04-01T00:57:32.179Z","v":0}
{"name":"hexo","hostname":"lileideMBP.lan","pid":85978,"level":20,"msg":"Generator: \u001b[35mpost\u001b[39m","time":"2018-04-01T00:57:32.180Z","v":0}
{"name":"hexo","hostname":"lileideMBP.lan","pid":85978,"level":20,"msg":"Generator: \u001b[35marchive\u001b[39m","time":"2018-04-01T00:57:32.180Z","v":0}
{"name":"hexo","hostname":"lileideMBP.lan","pid":85978,"level":20,"msg":"Generator: \u001b[35mcategory\u001b[39m","time":"2018-04-01T00:57:32.180Z","v":0}
{"name":"hexo","hostname":"lileideMBP.lan","pid":85978,"level":20,"msg":"Generator: \u001b[35mindex\u001b[39m","time":"2018-04-01T00:57:32.180Z","v":0}
{"name":"hexo","hostname":"lileideMBP.lan","pid":85978,"level":20,"msg":"Generator: \u001b[35mjson-content\u001b[39m","time":"2018-04-01T00:57:32.180Z","v":0}
{"name":"hexo","hostname":"lileideMBP.lan","pid":85978,"level":20,"msg":"Generator: \u001b[35mtag\u001b[39m","time":"2018-04-01T00:57:32.180Z","v":0}
{"name":"hexo","hostname":"lileideMBP.lan","pid":85978,"level":20,"msg":"Processed: \u001b[35msource/img/scrollbar_arrow.png\u001b[39m","time":"2018-04-01T00:57:32.180Z","v":0}
{"name":"hexo","hostname":"lileideMBP.lan","pid":85978,"level":20,"msg":"Processed: \u001b[35msource/scrollbar_arrow.png\u001b[39m","time":"2018-04-01T00:57:32.181Z","v":0}
{"name":"hexo","hostname":"lileideMBP.lan","pid":85978,"level":20,"msg":"Generator: \u001b[35masset\u001b[39m","time":"2018-04-01T00:57:32.185Z","v":0}
{"name":"hexo","hostname":"lileideMBP.lan","pid":85978,"level":20,"msg":"Generator: \u001b[35mpage\u001b[39m","time":"2018-04-01T00:57:32.375Z","v":0}
{"name":"hexo","hostname":"lileideMBP.lan","pid":85978,"level":20,"msg":"Generator: \u001b[35mpost\u001b[39m","time":"2018-04-01T00:57:32.376Z","v":0}
{"name":"hexo","hostname":"lileideMBP.lan","pid":85978,"level":20,"msg":"Generator: \u001b[35marchive\u001b[39m","time":"2018-04-01T00:57:32.376Z","v":0}
{"name":"hexo","hostname":"lileideMBP.lan","pid":85978,"level":20,"msg":"Generator: \u001b[35mcategory\u001b[39m","time":"2018-04-01T00:57:32.376Z","v":0}
{"name":"hexo","hostname":"lileideMBP.lan","pid":85978,"level":20,"msg":"Generator: \u001b[35mindex\u001b[39m","time":"2018-04-01T00:57:32.376Z","v":0}
{"name":"hexo","hostname":"lileideMBP.lan","pid":85978,"level":20,"msg":"Generator: \u001b[35mjson-content\u001b[39m","time":"2018-04-01T00:57:32.376Z","v":0}
{"name":"hexo","hostname":"lileideMBP.lan","pid":85978,"level":20,"msg":"Generator: \u001b[35mtag\u001b[39m","time":"2018-04-01T00:57:32.376Z","v":0}
{"name":"hexo","hostname":"lileideMBP.lan","pid":85978,"level":20,"msg":"Generator: \u001b[35masset\u001b[39m","time":"2018-04-01T00:57:32.377Z","v":0}
{"name":"hexo","hostname":"lileideMBP.lan","pid":85978,"level":20,"msg":"Processed: \u001b[35msource/scrollbar_arrow.png\u001b[39m","time":"2018-04-01T00:57:42.655Z","v":0}
{"name":"hexo","hostname":"lileideMBP.lan","pid":85978,"level":20,"msg":"Processed: \u001b[35msource/test.png\u001b[39m","time":"2018-04-01T00:57:42.655Z","v":0}
{"name":"hexo","hostname":"lileideMBP.lan","pid":85978,"level":20,"msg":"Generator: \u001b[35mpage\u001b[39m","time":"2018-04-01T00:57:42.852Z","v":0}
{"name":"hexo","hostname":"lileideMBP.lan","pid":85978,"level":20,"msg":"Generator: \u001b[35mpost\u001b[39m","time":"2018-04-01T00:57:42.853Z","v":0}
{"name":"hexo","hostname":"lileideMBP.lan","pid":85978,"level":20,"msg":"Generator: \u001b[35marchive\u001b[39m","time":"2018-04-01T00:57:42.853Z","v":0}
{"name":"hexo","hostname":"lileideMBP.lan","pid":85978,"level":20,"msg":"Generator: \u001b[35mcategory\u001b[39m","time":"2018-04-01T00:57:42.853Z","v":0}
{"name":"hexo","hostname":"lileideMBP.lan","pid":85978,"level":20,"msg":"Generator: \u001b[35mindex\u001b[39m","time":"2018-04-01T00:57:42.853Z","v":0}
{"name":"hexo","hostname":"lileideMBP.lan","pid":85978,"level":20,"msg":"Generator: \u001b[35mjson-content\u001b[39m","time":"2018-04-01T00:57:42.853Z","v":0}
{"name":"hexo","hostname":"lileideMBP.lan","pid":85978,"level":20,"msg":"Generator: \u001b[35mtag\u001b[39m","time":"2018-04-01T00:57:42.853Z","v":0}
{"name":"hexo","hostname":"lileideMBP.lan","pid":85978,"level":20,"msg":"Generator: \u001b[35masset\u001b[39m","time":"2018-04-01T00:57:42.855Z","v":0}
{"name":"hexo","hostname":"lileideMBP.lan","pid":85978,"level":20,"msg":"Processed: \u001b[35msource/test.png\u001b[39m","time":"2018-04-01T00:57:55.612Z","v":0}
{"name":"hexo","hostname":"lileideMBP.lan","pid":85978,"level":20,"msg":"Generator: \u001b[35mpage\u001b[39m","time":"2018-04-01T00:57:55.786Z","v":0}
{"name":"hexo","hostname":"lileideMBP.lan","pid":85978,"level":20,"msg":"Generator: \u001b[35mpost\u001b[39m","time":"2018-04-01T00:57:55.786Z","v":0}
{"name":"hexo","hostname":"lileideMBP.lan","pid":85978,"level":20,"msg":"Generator: \u001b[35marchive\u001b[39m","time":"2018-04-01T00:57:55.786Z","v":0}
{"name":"hexo","hostname":"lileideMBP.lan","pid":85978,"level":20,"msg":"Generator: \u001b[35mcategory\u001b[39m","time":"2018-04-01T00:57:55.787Z","v":0}
{"name":"hexo","hostname":"lileideMBP.lan","pid":85978,"level":20,"msg":"Generator: \u001b[35mindex\u001b[39m","time":"2018-04-01T00:57:55.787Z","v":0}
{"name":"hexo","hostname":"lileideMBP.lan","pid":85978,"level":20,"msg":"Generator: \u001b[35mjson-content\u001b[39m","time":"2018-04-01T00:57:55.787Z","v":0}
{"name":"hexo","hostname":"lileideMBP.lan","pid":85978,"level":20,"msg":"Generator: \u001b[35mtag\u001b[39m","time":"2018-04-01T00:57:55.787Z","v":0}
{"name":"hexo","hostname":"lileideMBP.lan","pid":85978,"level":20,"msg":"Generator: \u001b[35masset\u001b[39m","time":"2018-04-01T00:57:55.788Z","v":0}
{"name":"hexo","hostname":"lileideMBP.lan","pid":85978,"level":20,"msg":"Generator: \u001b[35mpage\u001b[39m","time":"2018-04-01T00:58:00.832Z","v":0}
{"name":"hexo","hostname":"lileideMBP.lan","pid":85978,"level":20,"msg":"Generator: \u001b[35mpost\u001b[39m","time":"2018-04-01T00:58:00.832Z","v":0}
{"name":"hexo","hostname":"lileideMBP.lan","pid":85978,"level":20,"msg":"Generator: \u001b[35marchive\u001b[39m","time":"2018-04-01T00:58:00.833Z","v":0}
{"name":"hexo","hostname":"lileideMBP.lan","pid":85978,"level":20,"msg":"Generator: \u001b[35mcategory\u001b[39m","time":"2018-04-01T00:58:00.833Z","v":0}
{"name":"hexo","hostname":"lileideMBP.lan","pid":85978,"level":20,"msg":"Generator: \u001b[35mindex\u001b[39m","time":"2018-04-01T00:58:00.833Z","v":0}
{"name":"hexo","hostname":"lileideMBP.lan","pid":85978,"level":20,"msg":"Generator: \u001b[35mjson-content\u001b[39m","time":"2018-04-01T00:58:00.833Z","v":0}
{"name":"hexo","hostname":"lileideMBP.lan","pid":85978,"level":20,"msg":"Generator: \u001b[35mtag\u001b[39m","time":"2018-04-01T00:58:00.833Z","v":0}
{"name":"hexo","hostname":"lileideMBP.lan","pid":85978,"level":20,"msg":"Generator: \u001b[35masset\u001b[39m","time":"2018-04-01T00:58:00.834Z","v":0}
{"name":"hexo","hostname":"lileideMBP.lan","pid":85978,"level":20,"msg":"Processed: \u001b[35msource/resume-zh_CN.pdf\u001b[39m","time":"2018-04-01T01:03:06.936Z","v":0}
{"name":"hexo","hostname":"lileideMBP.lan","pid":85978,"level":20,"msg":"Generator: \u001b[35mpage\u001b[39m","time":"2018-04-01T01:03:07.116Z","v":0}
{"name":"hexo","hostname":"lileideMBP.lan","pid":85978,"level":20,"msg":"Generator: \u001b[35mpost\u001b[39m","time":"2018-04-01T01:03:07.117Z","v":0}
{"name":"hexo","hostname":"lileideMBP.lan","pid":85978,"level":20,"msg":"Generator: \u001b[35marchive\u001b[39m","time":"2018-04-01T01:03:07.117Z","v":0}
{"name":"hexo","hostname":"lileideMBP.lan","pid":85978,"level":20,"msg":"Generator: \u001b[35mcategory\u001b[39m","time":"2018-04-01T01:03:07.117Z","v":0}
{"name":"hexo","hostname":"lileideMBP.lan","pid":85978,"level":20,"msg":"Generator: \u001b[35mindex\u001b[39m","time":"2018-04-01T01:03:07.117Z","v":0}
{"name":"hexo","hostname":"lileideMBP.lan","pid":85978,"level":20,"msg":"Generator: \u001b[35mjson-content\u001b[39m","time":"2018-04-01T01:03:07.117Z","v":0}
{"name":"hexo","hostname":"lileideMBP.lan","pid":85978,"level":20,"msg":"Generator: \u001b[35mtag\u001b[39m","time":"2018-04-01T01:03:07.117Z","v":0}
{"name":"hexo","hostname":"lileideMBP.lan","pid":85978,"level":20,"msg":"Generator: \u001b[35masset\u001b[39m","time":"2018-04-01T01:03:07.119Z","v":0}
{"name":"hexo","hostname":"lileideMBP.lan","pid":85978,"level":20,"msg":"Processed: \u001b[35msource/resume-zh_CN.pdf\u001b[39m","time":"2018-04-01T01:03:15.230Z","v":0}
{"name":"hexo","hostname":"lileideMBP.lan","pid":85978,"level":20,"msg":"Processed: \u001b[35msource/tobiaslee_resume.pdf\u001b[39m","time":"2018-04-01T01:03:15.230Z","v":0}
{"name":"hexo","hostname":"lileideMBP.lan","pid":85978,"level":20,"msg":"Generator: \u001b[35mpage\u001b[39m","time":"2018-04-01T01:03:15.419Z","v":0}
{"name":"hexo","hostname":"lileideMBP.lan","pid":85978,"level":20,"msg":"Generator: \u001b[35mpost\u001b[39m","time":"2018-04-01T01:03:15.419Z","v":0}
{"name":"hexo","hostname":"lileideMBP.lan","pid":85978,"level":20,"msg":"Generator: \u001b[35marchive\u001b[39m","time":"2018-04-01T01:03:15.419Z","v":0}
{"name":"hexo","hostname":"lileideMBP.lan","pid":85978,"level":20,"msg":"Generator: \u001b[35mcategory\u001b[39m","time":"2018-04-01T01:03:15.419Z","v":0}
{"name":"hexo","hostname":"lileideMBP.lan","pid":85978,"level":20,"msg":"Generator: \u001b[35mindex\u001b[39m","time":"2018-04-01T01:03:15.419Z","v":0}
{"name":"hexo","hostname":"lileideMBP.lan","pid":85978,"level":20,"msg":"Generator: \u001b[35mjson-content\u001b[39m","time":"2018-04-01T01:03:15.419Z","v":0}
{"name":"hexo","hostname":"lileideMBP.lan","pid":85978,"level":20,"msg":"Generator: \u001b[35mtag\u001b[39m","time":"2018-04-01T01:03:15.419Z","v":0}
{"name":"hexo","hostname":"lileideMBP.lan","pid":85978,"level":20,"msg":"Generator: \u001b[35masset\u001b[39m","time":"2018-04-01T01:03:15.420Z","v":0}
{"name":"hexo","hostname":"lileideMBP.lan","pid":85978,"level":30,"msg":"Bye!","time":"2018-04-01T01:03:31.423Z","v":0}
{"name":"hexo","hostname":"lileideMBP.lan","pid":85978,"level":20,"msg":"Database saved","time":"2018-04-01T01:03:31.518Z","v":0}
{"name":"hexo","hostname":"lileideMBP.lan","pid":86012,"level":20,"msg":"Hexo version: \u001b[35m3.6.0\u001b[39m","time":"2018-04-01T01:03:55.370Z","v":0}
{"name":"hexo","hostname":"lileideMBP.lan","pid":86012,"level":20,"msg":"Working directory: \u001b[35m~/blog/\u001b[39m","time":"2018-04-01T01:03:55.373Z","v":0}
{"name":"hexo","hostname":"lileideMBP.lan","pid":86012,"level":20,"msg":"Config loaded: \u001b[35m~/blog/_config.yml\u001b[39m","time":"2018-04-01T01:03:55.465Z","v":0}
{"name":"hexo","hostname":"lileideMBP.lan","pid":86012,"level":20,"msg":"Plugin loaded: \u001b[35mhexo-deployer-git\u001b[39m","time":"2018-04-01T01:03:55.495Z","v":0}
{"name":"hexo","hostname":"lileideMBP.lan","pid":86012,"level":20,"msg":"Plugin loaded: \u001b[35mhexo-generator-category\u001b[39m","time":"2018-04-01T01:03:55.497Z","v":0}
{"name":"hexo","hostname":"lileideMBP.lan","pid":86012,"level":20,"msg":"Plugin loaded: \u001b[35mhexo-generator-archive\u001b[39m","time":"2018-04-01T01:03:55.499Z","v":0}
{"name":"hexo","hostname":"lileideMBP.lan","pid":86012,"level":20,"msg":"Plugin loaded: \u001b[35mhexo-generator-index\u001b[39m","time":"2018-04-01T01:03:55.501Z","v":0}
{"name":"hexo","hostname":"lileideMBP.lan","pid":86012,"level":20,"msg":"Plugin loaded: \u001b[35mhexo-generator-json-content\u001b[39m","time":"2018-04-01T01:03:55.541Z","v":0}
{"name":"hexo","hostname":"lileideMBP.lan","pid":86012,"level":20,"msg":"Plugin loaded: \u001b[35mhexo-generator-tag\u001b[39m","time":"2018-04-01T01:03:55.542Z","v":0}
{"name":"hexo","hostname":"lileideMBP.lan","pid":86012,"level":20,"msg":"Plugin loaded: \u001b[35mhexo-renderer-ejs\u001b[39m","time":"2018-04-01T01:03:55.545Z","v":0}
{"name":"hexo","hostname":"lileideMBP.lan","pid":86012,"level":20,"msg":"Plugin loaded: \u001b[35mhexo-renderer-marked\u001b[39m","time":"2018-04-01T01:03:55.552Z","v":0}
{"name":"hexo","hostname":"lileideMBP.lan","pid":86012,"level":20,"msg":"Plugin loaded: \u001b[35mhexo-renderer-stylus\u001b[39m","time":"2018-04-01T01:03:55.554Z","v":0}
{"name":"hexo","hostname":"lileideMBP.lan","pid":86012,"level":20,"msg":"Plugin loaded: \u001b[35mhexo-server\u001b[39m","time":"2018-04-01T01:03:55.647Z","v":0}
{"name":"hexo","hostname":"lileideMBP.lan","pid":86012,"level":20,"msg":"Loading database.","time":"2018-04-01T01:03:55.660Z","v":0}
{"name":"hexo","hostname":"lileideMBP.lan","pid":86012,"level":30,"msg":"Start processing","time":"2018-04-01T01:03:55.907Z","v":0}
{"name":"hexo","hostname":"lileideMBP.lan","pid":86012,"level":20,"msg":"Processed: \u001b[35mtest.html\u001b[39m","time":"2018-04-01T01:03:56.018Z","v":0}
{"name":"hexo","hostname":"lileideMBP.lan","pid":86012,"level":20,"msg":"Processed: \u001b[35mCNAME\u001b[39m","time":"2018-04-01T01:03:56.019Z","v":0}
{"name":"hexo","hostname":"lileideMBP.lan","pid":86012,"level":20,"msg":"Processed: \u001b[35micon.jpg\u001b[39m","time":"2018-04-01T01:03:56.020Z","v":0}
{"name":"hexo","hostname":"lileideMBP.lan","pid":86012,"level":20,"msg":"Processed: \u001b[35mdebug.log\u001b[39m","time":"2018-04-01T01:03:56.020Z","v":0}
{"name":"hexo","hostname":"lileideMBP.lan","pid":86012,"level":20,"msg":"Processed: \u001b[35m_posts/Actor-Critic.md\u001b[39m","time":"2018-04-01T01:03:56.166Z","v":0}
{"name":"hexo","hostname":"lileideMBP.lan","pid":86012,"level":20,"msg":"Processed: \u001b[35m_posts/2016-GoodBye-Hello-2017.md\u001b[39m","time":"2018-04-01T01:03:56.166Z","v":0}
{"name":"hexo","hostname":"lileideMBP.lan","pid":86012,"level":20,"msg":"Processed: \u001b[35m_posts/AdapterPattern.md\u001b[39m","time":"2018-04-01T01:03:56.166Z","v":0}
{"name":"hexo","hostname":"lileideMBP.lan","pid":86012,"level":20,"msg":"Processed: \u001b[35m_posts/Adversarial-Papers-脉络梳理.md\u001b[39m","time":"2018-04-01T01:03:56.166Z","v":0}
{"name":"hexo","hostname":"lileideMBP.lan","pid":86012,"level":20,"msg":"Processed: \u001b[35m_posts/Adversarial-Training-Methods-For-Semi-Supervised-Text-Classification-阅读笔记.md\u001b[39m","time":"2018-04-01T01:03:56.166Z","v":0}
{"name":"hexo","hostname":"lileideMBP.lan","pid":86012,"level":20,"msg":"Processed: \u001b[35m_posts/Algorithms-Notebook.md\u001b[39m","time":"2018-04-01T01:03:56.166Z","v":0}
{"name":"hexo","hostname":"lileideMBP.lan","pid":86012,"level":20,"msg":"Processed: \u001b[35m_posts/Android-Scroll学习笔记.md\u001b[39m","time":"2018-04-01T01:03:56.166Z","v":0}
{"name":"hexo","hostname":"lileideMBP.lan","pid":86012,"level":20,"msg":"Processed: \u001b[35m_posts/Attention-Mechanism-学习笔记.md\u001b[39m","time":"2018-04-01T01:03:56.167Z","v":0}
{"name":"hexo","hostname":"lileideMBP.lan","pid":86012,"level":20,"msg":"Processed: \u001b[35m_posts/Attention-based-LSTM-for-Text-Classification.md\u001b[39m","time":"2018-04-01T01:03:56.167Z","v":0}
{"name":"hexo","hostname":"lileideMBP.lan","pid":86012,"level":20,"msg":"Processed: \u001b[35m_posts/BP算法推导.md\u001b[39m","time":"2018-04-01T01:03:56.167Z","v":0}
{"name":"hexo","hostname":"lileideMBP.lan","pid":86012,"level":20,"msg":"Processed: \u001b[35m_posts/Batch-Normalization-Learning-Notes.md\u001b[39m","time":"2018-04-01T01:03:56.167Z","v":0}
{"name":"hexo","hostname":"lileideMBP.lan","pid":86012,"level":20,"msg":"Processed: \u001b[35m_posts/BitOperators.md\u001b[39m","time":"2018-04-01T01:03:56.167Z","v":0}
{"name":"hexo","hostname":"lileideMBP.lan","pid":86012,"level":20,"msg":"Processed: \u001b[35m_posts/DataStructureLearning-Stack1.md\u001b[39m","time":"2018-04-01T01:03:56.167Z","v":0}
{"name":"hexo","hostname":"lileideMBP.lan","pid":86012,"level":20,"msg":"Processed: \u001b[35m_posts/DataStructureLearning-Stack2.md\u001b[39m","time":"2018-04-01T01:03:56.167Z","v":0}
{"name":"hexo","hostname":"lileideMBP.lan","pid":86012,"level":20,"msg":"Processed: \u001b[35m_posts/FilterPlayer.md\u001b[39m","time":"2018-04-01T01:03:56.167Z","v":0}
{"name":"hexo","hostname":"lileideMBP.lan","pid":86012,"level":20,"msg":"Processed: \u001b[35m_posts/Dynamic-Programming-Learning.md\u001b[39m","time":"2018-04-01T01:03:56.167Z","v":0}
{"name":"hexo","hostname":"lileideMBP.lan","pid":86012,"level":20,"msg":"Processed: \u001b[35m_posts/GAN-Notes.md\u001b[39m","time":"2018-04-01T01:03:56.167Z","v":0}
{"name":"hexo","hostname":"lileideMBP.lan","pid":86012,"level":20,"msg":"Processed: \u001b[35m_posts/Goodbye-2017-Hello-2018.md\u001b[39m","time":"2018-04-01T01:03:56.168Z","v":0}
{"name":"hexo","hostname":"lileideMBP.lan","pid":86012,"level":20,"msg":"Processed: \u001b[35m_posts/Hello-My-Blog.md\u001b[39m","time":"2018-04-01T01:03:56.168Z","v":0}
{"name":"hexo","hostname":"lileideMBP.lan","pid":86012,"level":20,"msg":"Processed: \u001b[35m_posts/HashMap-in-Java.md\u001b[39m","time":"2018-04-01T01:03:56.168Z","v":0}
{"name":"hexo","hostname":"lileideMBP.lan","pid":86012,"level":20,"msg":"Processed: \u001b[35m_posts/Hello-Ralee-Our-Studio.md\u001b[39m","time":"2018-04-01T01:03:56.168Z","v":0}
{"name":"hexo","hostname":"lileideMBP.lan","pid":86012,"level":20,"msg":"Processed: \u001b[35m_posts/I-m-nothing.md\u001b[39m","time":"2018-04-01T01:03:56.168Z","v":0}
{"name":"hexo","hostname":"lileideMBP.lan","pid":86012,"level":20,"msg":"Processed: \u001b[35m_posts/Lambda-Expressions.md\u001b[39m","time":"2018-04-01T01:03:56.168Z","v":0}
{"name":"hexo","hostname":"lileideMBP.lan","pid":86012,"level":20,"msg":"Processed: \u001b[35m_posts/Latex-Learning.md\u001b[39m","time":"2018-04-01T01:03:56.168Z","v":0}
{"name":"hexo","hostname":"lileideMBP.lan","pid":86012,"level":20,"msg":"Processed: \u001b[35m_posts/MNIST手写数字识别-Python.md\u001b[39m","time":"2018-04-01T01:03:56.168Z","v":0}
{"name":"hexo","hostname":"lileideMBP.lan","pid":86012,"level":20,"msg":"Processed: \u001b[35m_posts/MediaCodecLearning.md\u001b[39m","time":"2018-04-01T01:03:56.168Z","v":0}
{"name":"hexo","hostname":"lileideMBP.lan","pid":86012,"level":20,"msg":"Processed: \u001b[35m_posts/Override-and-Overload.md\u001b[39m","time":"2018-04-01T01:03:56.168Z","v":0}
{"name":"hexo","hostname":"lileideMBP.lan","pid":86012,"level":20,"msg":"Processed: \u001b[35m_posts/PythonLearning-Iterator.md\u001b[39m","time":"2018-04-01T01:03:56.168Z","v":0}
{"name":"hexo","hostname":"lileideMBP.lan","pid":86012,"level":20,"msg":"Processed: \u001b[35m_posts/Python爬虫学习-1.md\u001b[39m","time":"2018-04-01T01:03:56.168Z","v":0}
{"name":"hexo","hostname":"lileideMBP.lan","pid":86012,"level":20,"msg":"Processed: \u001b[35m_posts/Reinforcement-Learning1.md\u001b[39m","time":"2018-04-01T01:03:56.168Z","v":0}
{"name":"hexo","hostname":"lileideMBP.lan","pid":86012,"level":20,"msg":"Processed: \u001b[35m_posts/Retrofit-Learning.md\u001b[39m","time":"2018-04-01T01:03:56.168Z","v":0}
{"name":"hexo","hostname":"lileideMBP.lan","pid":86012,"level":20,"msg":"Processed: \u001b[35m_posts/Sentence-preprocessing-skills.md\u001b[39m","time":"2018-04-01T01:03:56.169Z","v":0}
{"name":"hexo","hostname":"lileideMBP.lan","pid":86012,"level":20,"msg":"Processed: \u001b[35m_posts/SeqGAN.md\u001b[39m","time":"2018-04-01T01:03:56.169Z","v":0}
{"name":"hexo","hostname":"lileideMBP.lan","pid":86012,"level":20,"msg":"Processed: \u001b[35m_posts/Some-Feelings.md\u001b[39m","time":"2018-04-01T01:03:56.169Z","v":0}
{"name":"hexo","hostname":"lileideMBP.lan","pid":86012,"level":20,"msg":"Processed: \u001b[35m_posts/SynchronizeLearning.md\u001b[39m","time":"2018-04-01T01:03:56.169Z","v":0}
{"name":"hexo","hostname":"lileideMBP.lan","pid":86012,"level":20,"msg":"Processed: \u001b[35m_posts/Taste-of-Paper.md\u001b[39m","time":"2018-04-01T01:03:56.169Z","v":0}
{"name":"hexo","hostname":"lileideMBP.lan","pid":86012,"level":20,"msg":"Processed: \u001b[35m_posts/TensorFlow初步.md\u001b[39m","time":"2018-04-01T01:03:56.169Z","v":0}
{"name":"hexo","hostname":"lileideMBP.lan","pid":86012,"level":20,"msg":"Processed: \u001b[35m_posts/Text-Classification代码学习笔记.md\u001b[39m","time":"2018-04-01T01:03:56.169Z","v":0}
{"name":"hexo","hostname":"lileideMBP.lan","pid":86012,"level":20,"msg":"Processed: \u001b[35m_posts/Thoughts-about-adversarial-training-methods-in-NLP.md\u001b[39m","time":"2018-04-01T01:03:56.170Z","v":0}
{"name":"hexo","hostname":"lileideMBP.lan","pid":86012,"level":20,"msg":"Processed: \u001b[35m_posts/Virtual-Methods-in-C-Learning-Notes.md\u001b[39m","time":"2018-04-01T01:03:56.170Z","v":0}
{"name":"hexo","hostname":"lileideMBP.lan","pid":86012,"level":20,"msg":"Processed: \u001b[35m_posts/WorkLoad.md\u001b[39m","time":"2018-04-01T01:03:56.170Z","v":0}
{"name":"hexo","hostname":"lileideMBP.lan","pid":86012,"level":20,"msg":"Processed: \u001b[35m_posts/java-1.md\u001b[39m","time":"2018-04-01T01:03:56.170Z","v":0}
{"name":"hexo","hostname":"lileideMBP.lan","pid":86012,"level":20,"msg":"Processed: \u001b[35m_posts/循环右移问题.md\u001b[39m","time":"2018-04-01T01:03:56.170Z","v":0}
{"name":"hexo","hostname":"lileideMBP.lan","pid":86012,"level":20,"msg":"Processed: \u001b[35m_posts/杂记.md\u001b[39m","time":"2018-04-01T01:03:56.170Z","v":0}
{"name":"hexo","hostname":"lileideMBP.lan","pid":86012,"level":20,"msg":"Processed: \u001b[35m_posts/深圳·大一·未来.md\u001b[39m","time":"2018-04-01T01:03:56.170Z","v":0}
{"name":"hexo","hostname":"lileideMBP.lan","pid":86012,"level":20,"msg":"Processed: \u001b[35m_posts/自定义View初探.md\u001b[39m","time":"2018-04-01T01:03:56.170Z","v":0}
{"name":"hexo","hostname":"lileideMBP.lan","pid":86012,"level":20,"msg":"Processed: \u001b[35m_posts/调参侠的自我修养.md\u001b[39m","time":"2018-04-01T01:03:56.171Z","v":0}
{"name":"hexo","hostname":"lileideMBP.lan","pid":86012,"level":20,"msg":"Processed: \u001b[35m_posts/黑镜观后感.md\u001b[39m","time":"2018-04-01T01:03:56.171Z","v":0}
{"name":"hexo","hostname":"lileideMBP.lan","pid":86012,"level":20,"msg":"Processed: \u001b[35mimg/alternative_radv.png\u001b[39m","time":"2018-04-01T01:03:56.173Z","v":0}
{"name":"hexo","hostname":"lileideMBP.lan","pid":86012,"level":20,"msg":"Processed: \u001b[35mimg/at_func.png\u001b[39m","time":"2018-04-01T01:03:56.173Z","v":0}
{"name":"hexo","hostname":"lileideMBP.lan","pid":86012,"level":20,"msg":"Processed: \u001b[35mimg/attention.jpeg\u001b[39m","time":"2018-04-01T01:03:56.173Z","v":0}
{"name":"hexo","hostname":"lileideMBP.lan","pid":86012,"level":20,"msg":"Processed: \u001b[35mimg/attention_softmax.png\u001b[39m","time":"2018-04-01T01:03:56.174Z","v":0}
{"name":"hexo","hostname":"lileideMBP.lan","pid":86012,"level":20,"msg":"Processed: \u001b[35mimg/codecState.png\u001b[39m","time":"2018-04-01T01:03:56.174Z","v":0}
{"name":"hexo","hostname":"lileideMBP.lan","pid":86012,"level":20,"msg":"Processed: \u001b[35mimg/critic.png\u001b[39m","time":"2018-04-01T01:03:56.176Z","v":0}
{"name":"hexo","hostname":"lileideMBP.lan","pid":86012,"level":20,"msg":"Processed: \u001b[35mimg/contents.png\u001b[39m","time":"2018-04-01T01:03:56.176Z","v":0}
{"name":"hexo","hostname":"lileideMBP.lan","pid":86012,"level":20,"msg":"Processed: \u001b[35mimg/dpg.png\u001b[39m","time":"2018-04-01T01:03:56.177Z","v":0}
{"name":"hexo","hostname":"lileideMBP.lan","pid":86012,"level":20,"msg":"Processed: \u001b[35mimg/form_data.png\u001b[39m","time":"2018-04-01T01:03:56.177Z","v":0}
{"name":"hexo","hostname":"lileideMBP.lan","pid":86012,"level":20,"msg":"Processed: \u001b[35mimg/hash_change.png\u001b[39m","time":"2018-04-01T01:03:56.177Z","v":0}
{"name":"hexo","hostname":"lileideMBP.lan","pid":86012,"level":20,"msg":"Processed: \u001b[35mimg/hash_change2.png\u001b[39m","time":"2018-04-01T01:03:56.177Z","v":0}
{"name":"hexo","hostname":"lileideMBP.lan","pid":86012,"level":20,"msg":"Processed: \u001b[35mimg/hash_example.png\u001b[39m","time":"2018-04-01T01:03:56.178Z","v":0}
{"name":"hexo","hostname":"lileideMBP.lan","pid":86012,"level":20,"msg":"Processed: \u001b[35mimg/mc.png\u001b[39m","time":"2018-04-01T01:03:56.179Z","v":0}
{"name":"hexo","hostname":"lileideMBP.lan","pid":86012,"level":20,"msg":"Processed: \u001b[35mimg/my_textview.gif\u001b[39m","time":"2018-04-01T01:03:56.179Z","v":0}
{"name":"hexo","hostname":"lileideMBP.lan","pid":86012,"level":20,"msg":"Processed: \u001b[35mimg/nmt_model.png\u001b[39m","time":"2018-04-01T01:03:56.179Z","v":0}
{"name":"hexo","hostname":"lileideMBP.lan","pid":86012,"level":20,"msg":"Processed: \u001b[35mimg/normalization.png\u001b[39m","time":"2018-04-01T01:03:56.180Z","v":0}
{"name":"hexo","hostname":"lileideMBP.lan","pid":86012,"level":20,"msg":"Processed: \u001b[35mimg/pg.png\u001b[39m","time":"2018-04-01T01:03:56.180Z","v":0}
{"name":"hexo","hostname":"lileideMBP.lan","pid":86012,"level":20,"msg":"Processed: \u001b[35mimg/policy.png\u001b[39m","time":"2018-04-01T01:03:56.181Z","v":0}
{"name":"hexo","hostname":"lileideMBP.lan","pid":86012,"level":20,"msg":"Processed: \u001b[35mimg/pt_func.png\u001b[39m","time":"2018-04-01T01:03:56.181Z","v":0}
{"name":"hexo","hostname":"lileideMBP.lan","pid":86012,"level":20,"msg":"Processed: \u001b[35mimg/r_adv.png\u001b[39m","time":"2018-04-01T01:03:56.181Z","v":0}
{"name":"hexo","hostname":"lileideMBP.lan","pid":86012,"level":20,"msg":"Processed: \u001b[35mimg/pg2.png\u001b[39m","time":"2018-04-01T01:03:56.181Z","v":0}
{"name":"hexo","hostname":"lileideMBP.lan","pid":86012,"level":20,"msg":"Processed: \u001b[35mimg/score_func.png\u001b[39m","time":"2018-04-01T01:03:56.183Z","v":0}
{"name":"hexo","hostname":"lileideMBP.lan","pid":86012,"level":20,"msg":"Processed: \u001b[35mimg/semi_adv.png\u001b[39m","time":"2018-04-01T01:03:56.183Z","v":0}
{"name":"hexo","hostname":"lileideMBP.lan","pid":86012,"level":20,"msg":"Processed: \u001b[35mimg/semi_radv.png\u001b[39m","time":"2018-04-01T01:03:56.183Z","v":0}
{"name":"hexo","hostname":"lileideMBP.lan","pid":86012,"level":20,"msg":"Processed: \u001b[35mimg/seqreward.png\u001b[39m","time":"2018-04-01T01:03:56.184Z","v":0}
{"name":"hexo","hostname":"lileideMBP.lan","pid":86012,"level":20,"msg":"Processed: \u001b[35mimg/standard.png\u001b[39m","time":"2018-04-01T01:03:56.184Z","v":0}
{"name":"hexo","hostname":"lileideMBP.lan","pid":86012,"level":20,"msg":"Processed: \u001b[35mimg/target.png\u001b[39m","time":"2018-04-01T01:03:56.184Z","v":0}
{"name":"hexo","hostname":"lileideMBP.lan","pid":86012,"level":20,"msg":"Processed: \u001b[35mimg/view_tree.png\u001b[39m","time":"2018-04-01T01:03:56.185Z","v":0}
{"name":"hexo","hostname":"lileideMBP.lan","pid":86012,"level":20,"msg":"Processed: \u001b[35msource/main.266c1c.css\u001b[39m","time":"2018-04-01T01:03:56.185Z","v":0}
{"name":"hexo","hostname":"lileideMBP.lan","pid":86012,"level":20,"msg":"Processed: \u001b[35msource/slider.096dc6.js\u001b[39m","time":"2018-04-01T01:03:56.186Z","v":0}
{"name":"hexo","hostname":"lileideMBP.lan","pid":86012,"level":20,"msg":"Processed: \u001b[35mimg/bn_gradients.png\u001b[39m","time":"2018-04-01T01:03:56.203Z","v":0}
{"name":"hexo","hostname":"lileideMBP.lan","pid":86012,"level":20,"msg":"Processed: \u001b[35mimg/global_attention.png\u001b[39m","time":"2018-04-01T01:03:56.203Z","v":0}
{"name":"hexo","hostname":"lileideMBP.lan","pid":86012,"level":20,"msg":"Processed: \u001b[35mimg/internal_covariate_shift.png\u001b[39m","time":"2018-04-01T01:03:56.204Z","v":0}
{"name":"hexo","hostname":"lileideMBP.lan","pid":86012,"level":20,"msg":"Processed: \u001b[35mimg/lt.png\u001b[39m","time":"2018-04-01T01:03:56.204Z","v":0}
{"name":"hexo","hostname":"lileideMBP.lan","pid":86012,"level":20,"msg":"Processed: \u001b[35mimg/local_attention.png\u001b[39m","time":"2018-04-01T01:03:56.204Z","v":0}
{"name":"hexo","hostname":"lileideMBP.lan","pid":86012,"level":20,"msg":"Processed: \u001b[35mimg/score.png\u001b[39m","time":"2018-04-01T01:03:56.205Z","v":0}
{"name":"hexo","hostname":"lileideMBP.lan","pid":86012,"level":20,"msg":"Processed: \u001b[35mimg/skim.png\u001b[39m","time":"2018-04-01T01:03:56.205Z","v":0}
{"name":"hexo","hostname":"lileideMBP.lan","pid":86012,"level":20,"msg":"Processed: \u001b[35mimg/softmax.png\u001b[39m","time":"2018-04-01T01:03:56.205Z","v":0}
{"name":"hexo","hostname":"lileideMBP.lan","pid":86012,"level":20,"msg":"Processed: \u001b[35msource/main.266c1c.js\u001b[39m","time":"2018-04-01T01:03:56.207Z","v":0}
{"name":"hexo","hostname":"lileideMBP.lan","pid":86012,"level":20,"msg":"Processed: \u001b[35msource/mobile.906508.js\u001b[39m","time":"2018-04-01T01:03:56.208Z","v":0}
{"name":"hexo","hostname":"lileideMBP.lan","pid":86012,"level":20,"msg":"Processed: \u001b[35msource/tobiaslee_resume.pdf\u001b[39m","time":"2018-04-01T01:03:56.208Z","v":0}
{"name":"hexo","hostname":"lileideMBP.lan","pid":86012,"level":20,"msg":"Theme config loaded.","time":"2018-04-01T01:03:56.233Z","v":0}
{"name":"hexo","hostname":"lileideMBP.lan","pid":86012,"level":20,"msg":"Processed: \u001b[35m_config.yml\u001b[39m","time":"2018-04-01T01:03:56.236Z","v":0}
{"name":"hexo","hostname":"lileideMBP.lan","pid":86012,"level":20,"msg":"Processed: \u001b[35mimg/agent.png\u001b[39m","time":"2018-04-01T01:03:56.236Z","v":0}
{"name":"hexo","hostname":"lileideMBP.lan","pid":86012,"level":20,"msg":"Processed: \u001b[35mimg/bn_al.png\u001b[39m","time":"2018-04-01T01:03:56.236Z","v":0}
{"name":"hexo","hostname":"lileideMBP.lan","pid":86012,"level":20,"msg":"Processed: \u001b[35mimg/game.gif\u001b[39m","time":"2018-04-01T01:03:56.237Z","v":0}
{"name":"hexo","hostname":"lileideMBP.lan","pid":86012,"level":20,"msg":"Processed: \u001b[35mimg/loss.png\u001b[39m","time":"2018-04-01T01:03:56.237Z","v":0}
{"name":"hexo","hostname":"lileideMBP.lan","pid":86012,"level":20,"msg":"Processed: \u001b[35mimg/neighbors.png\u001b[39m","time":"2018-04-01T01:03:56.237Z","v":0}
{"name":"hexo","hostname":"lileideMBP.lan","pid":86012,"level":20,"msg":"Processed: \u001b[35mimg/position_methods.png\u001b[39m","time":"2018-04-01T01:03:56.238Z","v":0}
{"name":"hexo","hostname":"lileideMBP.lan","pid":86012,"level":20,"msg":"Processed: \u001b[35mimg/practice.png\u001b[39m","time":"2018-04-01T01:03:56.238Z","v":0}
{"name":"hexo","hostname":"lileideMBP.lan","pid":86012,"level":20,"msg":"Processed: \u001b[35msource/fonts/default-skin.b257fa.svg\u001b[39m","time":"2018-04-01T01:03:56.238Z","v":0}
{"name":"hexo","hostname":"lileideMBP.lan","pid":86012,"level":20,"msg":"Processed: \u001b[35msource/fonts/iconfont.16acc2.ttf\u001b[39m","time":"2018-04-01T01:03:56.238Z","v":0}
{"name":"hexo","hostname":"lileideMBP.lan","pid":86012,"level":20,"msg":"Processed: \u001b[35msource/fonts/iconfont.45d7ee.svg\u001b[39m","time":"2018-04-01T01:03:56.238Z","v":0}
{"name":"hexo","hostname":"lileideMBP.lan","pid":86012,"level":20,"msg":"Processed: \u001b[35msource/fonts/iconfont.8c627f.woff\u001b[39m","time":"2018-04-01T01:03:56.238Z","v":0}
{"name":"hexo","hostname":"lileideMBP.lan","pid":86012,"level":20,"msg":"Processed: \u001b[35msource/fonts/tooltip.4004ff.svg\u001b[39m","time":"2018-04-01T01:03:56.238Z","v":0}
{"name":"hexo","hostname":"lileideMBP.lan","pid":86012,"level":20,"msg":"Processed: \u001b[35msource/fonts/iconfont.b322fa.eot\u001b[39m","time":"2018-04-01T01:03:56.239Z","v":0}
{"name":"hexo","hostname":"lileideMBP.lan","pid":86012,"level":20,"msg":"Processed: \u001b[35msource/img/default-skin.png\u001b[39m","time":"2018-04-01T01:03:56.240Z","v":0}
{"name":"hexo","hostname":"lileideMBP.lan","pid":86012,"level":20,"msg":"Processed: \u001b[35msource/img/preloader.gif\u001b[39m","time":"2018-04-01T01:03:56.240Z","v":0}
{"name":"hexo","hostname":"lileideMBP.lan","pid":86012,"level":20,"msg":"Processed: \u001b[35msource/img/scrollbar_arrow.png\u001b[39m","time":"2018-04-01T01:03:56.240Z","v":0}
{"name":"hexo","hostname":"lileideMBP.lan","pid":86012,"level":20,"msg":"Processed: \u001b[35mimg/EWMA.png\u001b[39m","time":"2018-04-01T01:03:56.247Z","v":0}
{"name":"hexo","hostname":"lileideMBP.lan","pid":86012,"level":20,"msg":"Processed: \u001b[35mimg/adv_loss.png\u001b[39m","time":"2018-04-01T01:03:56.248Z","v":0}
{"name":"hexo","hostname":"lileideMBP.lan","pid":86012,"level":20,"msg":"Processed: \u001b[35mimg/moveRight.png\u001b[39m","time":"2018-04-01T01:03:56.249Z","v":0}
{"name":"hexo","hostname":"lileideMBP.lan","pid":86012,"level":20,"msg":"Processed: \u001b[35mimg/scroll_view.gif\u001b[39m","time":"2018-04-01T01:03:56.253Z","v":0}
{"name":"hexo","hostname":"lileideMBP.lan","pid":86012,"level":20,"msg":"Processed: \u001b[35mimg/seqgan.png\u001b[39m","time":"2018-04-01T01:03:56.253Z","v":0}
{"name":"hexo","hostname":"lileideMBP.lan","pid":86012,"level":20,"msg":"Processed: \u001b[35mimg/temp.png\u001b[39m","time":"2018-04-01T01:03:56.253Z","v":0}
{"name":"hexo","hostname":"lileideMBP.lan","pid":86012,"level":20,"msg":"Processed: \u001b[35mlayout/archive.ejs\u001b[39m","time":"2018-04-01T01:03:56.270Z","v":0}
{"name":"hexo","hostname":"lileideMBP.lan","pid":86012,"level":20,"msg":"Processed: \u001b[35mlayout/category.ejs\u001b[39m","time":"2018-04-01T01:03:56.270Z","v":0}
{"name":"hexo","hostname":"lileideMBP.lan","pid":86012,"level":20,"msg":"Processed: \u001b[35mlayout/index.ejs\u001b[39m","time":"2018-04-01T01:03:56.271Z","v":0}
{"name":"hexo","hostname":"lileideMBP.lan","pid":86012,"level":20,"msg":"Processed: \u001b[35mlayout/layout.ejs\u001b[39m","time":"2018-04-01T01:03:56.271Z","v":0}
{"name":"hexo","hostname":"lileideMBP.lan","pid":86012,"level":20,"msg":"Processed: \u001b[35mlayout/page.ejs\u001b[39m","time":"2018-04-01T01:03:56.271Z","v":0}
{"name":"hexo","hostname":"lileideMBP.lan","pid":86012,"level":20,"msg":"Processed: \u001b[35mlayout/post.ejs\u001b[39m","time":"2018-04-01T01:03:56.272Z","v":0}
{"name":"hexo","hostname":"lileideMBP.lan","pid":86012,"level":20,"msg":"Processed: \u001b[35mlayout/tag.ejs\u001b[39m","time":"2018-04-01T01:03:56.272Z","v":0}
{"name":"hexo","hostname":"lileideMBP.lan","pid":86012,"level":20,"msg":"Processed: \u001b[35mlanguages/default.yml\u001b[39m","time":"2018-04-01T01:03:56.276Z","v":0}
{"name":"hexo","hostname":"lileideMBP.lan","pid":86012,"level":20,"msg":"Processed: \u001b[35mlanguages/fr.yml\u001b[39m","time":"2018-04-01T01:03:56.276Z","v":0}
{"name":"hexo","hostname":"lileideMBP.lan","pid":86012,"level":20,"msg":"Processed: \u001b[35mlanguages/nl.yml\u001b[39m","time":"2018-04-01T01:03:56.276Z","v":0}
{"name":"hexo","hostname":"lileideMBP.lan","pid":86012,"level":20,"msg":"Processed: \u001b[35mlanguages/no.yml\u001b[39m","time":"2018-04-01T01:03:56.276Z","v":0}
{"name":"hexo","hostname":"lileideMBP.lan","pid":86012,"level":20,"msg":"Processed: \u001b[35mlanguages/ru.yml\u001b[39m","time":"2018-04-01T01:03:56.276Z","v":0}
{"name":"hexo","hostname":"lileideMBP.lan","pid":86012,"level":20,"msg":"Processed: \u001b[35mlanguages/zh-CN.yml\u001b[39m","time":"2018-04-01T01:03:56.276Z","v":0}
{"name":"hexo","hostname":"lileideMBP.lan","pid":86012,"level":20,"msg":"Processed: \u001b[35mlanguages/zh-tw.yml\u001b[39m","time":"2018-04-01T01:03:56.276Z","v":0}
{"name":"hexo","hostname":"lileideMBP.lan","pid":86012,"level":20,"msg":"Processed: \u001b[35mimg/JSD.png\u001b[39m","time":"2018-04-01T01:03:56.276Z","v":0}
{"name":"hexo","hostname":"lileideMBP.lan","pid":86012,"level":20,"msg":"Processed: \u001b[35mimg/adapter.png\u001b[39m","time":"2018-04-01T01:03:56.277Z","v":0}
{"name":"hexo","hostname":"lileideMBP.lan","pid":86012,"level":20,"msg":"Processed: \u001b[35mimg/linked_address.png\u001b[39m","time":"2018-04-01T01:03:56.277Z","v":0}
{"name":"hexo","hostname":"lileideMBP.lan","pid":86012,"level":20,"msg":"Processed: \u001b[35mimg/momentum.png\u001b[39m","time":"2018-04-01T01:03:56.277Z","v":0}
{"name":"hexo","hostname":"lileideMBP.lan","pid":86012,"level":20,"msg":"Processed: \u001b[35mimg/pgnn.png\u001b[39m","time":"2018-04-01T01:03:56.277Z","v":0}
{"name":"hexo","hostname":"lileideMBP.lan","pid":86012,"level":20,"msg":"Processed: \u001b[35mimg/rgb.png\u001b[39m","time":"2018-04-01T01:03:56.277Z","v":0}
{"name":"hexo","hostname":"lileideMBP.lan","pid":86012,"level":20,"msg":"Processed: \u001b[35mimg/seq_algorithm.png\u001b[39m","time":"2018-04-01T01:03:56.277Z","v":0}
{"name":"hexo","hostname":"lileideMBP.lan","pid":86012,"level":20,"msg":"Processed: \u001b[35mimg/value_fit.png\u001b[39m","time":"2018-04-01T01:03:56.277Z","v":0}
{"name":"hexo","hostname":"lileideMBP.lan","pid":86012,"level":20,"msg":"Processed: \u001b[35mlayout/_partial/toc.ejs\u001b[39m","time":"2018-04-01T01:03:56.282Z","v":0}
{"name":"hexo","hostname":"lileideMBP.lan","pid":86012,"level":20,"msg":"Processed: \u001b[35mimg/BN.png\u001b[39m","time":"2018-04-01T01:03:56.282Z","v":0}
{"name":"hexo","hostname":"lileideMBP.lan","pid":86012,"level":20,"msg":"Processed: \u001b[35mimg/RMS.png\u001b[39m","time":"2018-04-01T01:03:56.282Z","v":0}
{"name":"hexo","hostname":"lileideMBP.lan","pid":86012,"level":20,"msg":"Processed: \u001b[35mimg/activity.jpg\u001b[39m","time":"2018-04-01T01:03:56.283Z","v":0}
{"name":"hexo","hostname":"lileideMBP.lan","pid":86012,"level":20,"msg":"Processed: \u001b[35mlayout/_partial/after-footer.ejs\u001b[39m","time":"2018-04-01T01:03:56.309Z","v":0}
{"name":"hexo","hostname":"lileideMBP.lan","pid":86012,"level":20,"msg":"Processed: \u001b[35mlayout/_partial/archive.ejs\u001b[39m","time":"2018-04-01T01:03:56.309Z","v":0}
{"name":"hexo","hostname":"lileideMBP.lan","pid":86012,"level":20,"msg":"Processed: \u001b[35mlayout/_partial/archive-post.ejs\u001b[39m","time":"2018-04-01T01:03:56.309Z","v":0}
{"name":"hexo","hostname":"lileideMBP.lan","pid":86012,"level":20,"msg":"Processed: \u001b[35mlayout/_partial/article.ejs\u001b[39m","time":"2018-04-01T01:03:56.309Z","v":0}
{"name":"hexo","hostname":"lileideMBP.lan","pid":86012,"level":20,"msg":"Processed: \u001b[35mlayout/_partial/aside.ejs\u001b[39m","time":"2018-04-01T01:03:56.309Z","v":0}
{"name":"hexo","hostname":"lileideMBP.lan","pid":86012,"level":20,"msg":"Processed: \u001b[35mlayout/_partial/baidu-analytics.ejs\u001b[39m","time":"2018-04-01T01:03:56.309Z","v":0}
{"name":"hexo","hostname":"lileideMBP.lan","pid":86012,"level":20,"msg":"Processed: \u001b[35mlayout/_partial/css.ejs\u001b[39m","time":"2018-04-01T01:03:56.309Z","v":0}
{"name":"hexo","hostname":"lileideMBP.lan","pid":86012,"level":20,"msg":"Processed: \u001b[35mlayout/_partial/footer.ejs\u001b[39m","time":"2018-04-01T01:03:56.309Z","v":0}
{"name":"hexo","hostname":"lileideMBP.lan","pid":86012,"level":20,"msg":"Processed: \u001b[35mlayout/_partial/google-analytics.ejs\u001b[39m","time":"2018-04-01T01:03:56.309Z","v":0}
{"name":"hexo","hostname":"lileideMBP.lan","pid":86012,"level":20,"msg":"Processed: \u001b[35mlayout/_partial/head.ejs\u001b[39m","time":"2018-04-01T01:03:56.310Z","v":0}
{"name":"hexo","hostname":"lileideMBP.lan","pid":86012,"level":20,"msg":"Processed: \u001b[35mlayout/_partial/header.ejs\u001b[39m","time":"2018-04-01T01:03:56.310Z","v":0}
{"name":"hexo","hostname":"lileideMBP.lan","pid":86012,"level":20,"msg":"Processed: \u001b[35mlayout/_partial/left-col.ejs\u001b[39m","time":"2018-04-01T01:03:56.310Z","v":0}
{"name":"hexo","hostname":"lileideMBP.lan","pid":86012,"level":20,"msg":"Processed: \u001b[35mlayout/_partial/mathjax.ejs\u001b[39m","time":"2018-04-01T01:03:56.310Z","v":0}
{"name":"hexo","hostname":"lileideMBP.lan","pid":86012,"level":20,"msg":"Processed: \u001b[35mlayout/_partial/mobile-nav.ejs\u001b[39m","time":"2018-04-01T01:03:56.310Z","v":0}
{"name":"hexo","hostname":"lileideMBP.lan","pid":86012,"level":20,"msg":"Processed: \u001b[35mlayout/_partial/tools.ejs\u001b[39m","time":"2018-04-01T01:03:56.310Z","v":0}
{"name":"hexo","hostname":"lileideMBP.lan","pid":86012,"level":20,"msg":"Processed: \u001b[35mlayout/_partial/viewer.ejs\u001b[39m","time":"2018-04-01T01:03:56.310Z","v":0}
{"name":"hexo","hostname":"lileideMBP.lan","pid":86012,"level":20,"msg":"Processed: \u001b[35mimg/BPtips.png\u001b[39m","time":"2018-04-01T01:03:56.313Z","v":0}
{"name":"hexo","hostname":"lileideMBP.lan","pid":86012,"level":20,"msg":"Processed: \u001b[35mimg/BP1.png\u001b[39m","time":"2018-04-01T01:03:56.313Z","v":0}
{"name":"hexo","hostname":"lileideMBP.lan","pid":86012,"level":20,"msg":"Processed: \u001b[35mimg/VGD.png\u001b[39m","time":"2018-04-01T01:03:56.313Z","v":0}
{"name":"hexo","hostname":"lileideMBP.lan","pid":86012,"level":20,"msg":"Processed: \u001b[35mimg/maxVGD.png\u001b[39m","time":"2018-04-01T01:03:56.314Z","v":0}
{"name":"hexo","hostname":"lileideMBP.lan","pid":86012,"level":20,"msg":"Processed: \u001b[35mimg/mode_collapse.png\u001b[39m","time":"2018-04-01T01:03:56.314Z","v":0}
{"name":"hexo","hostname":"lileideMBP.lan","pid":86012,"level":20,"msg":"Processed: \u001b[35mlayout/_partial/script.ejs\u001b[39m","time":"2018-04-01T01:03:56.327Z","v":0}
{"name":"hexo","hostname":"lileideMBP.lan","pid":86012,"level":20,"msg":"Processed: \u001b[35mimg/BP2.png\u001b[39m","time":"2018-04-01T01:03:56.328Z","v":0}
{"name":"hexo","hostname":"lileideMBP.lan","pid":86012,"level":20,"msg":"Processed: \u001b[35mimg/feature_scaling.png\u001b[39m","time":"2018-04-01T01:03:56.328Z","v":0}
{"name":"hexo","hostname":"lileideMBP.lan","pid":86012,"level":20,"msg":"Processed: \u001b[35mimg/landscape.jpg\u001b[39m","time":"2018-04-01T01:03:56.328Z","v":0}
{"name":"hexo","hostname":"lileideMBP.lan","pid":86012,"level":20,"msg":"Processed: \u001b[35mimg/mle.png\u001b[39m","time":"2018-04-01T01:03:56.328Z","v":0}
{"name":"hexo","hostname":"lileideMBP.lan","pid":86012,"level":20,"msg":"Processed: \u001b[35mlayout/_partial/post/category.ejs\u001b[39m","time":"2018-04-01T01:03:56.337Z","v":0}
{"name":"hexo","hostname":"lileideMBP.lan","pid":86012,"level":20,"msg":"Processed: \u001b[35mlayout/_partial/post/date.ejs\u001b[39m","time":"2018-04-01T01:03:56.338Z","v":0}
{"name":"hexo","hostname":"lileideMBP.lan","pid":86012,"level":20,"msg":"Processed: \u001b[35mlayout/_partial/post/duoshuo.ejs\u001b[39m","time":"2018-04-01T01:03:56.338Z","v":0}
{"name":"hexo","hostname":"lileideMBP.lan","pid":86012,"level":20,"msg":"Processed: \u001b[35mlayout/_partial/post/changyan.ejs\u001b[39m","time":"2018-04-01T01:03:56.338Z","v":0}
{"name":"hexo","hostname":"lileideMBP.lan","pid":86012,"level":20,"msg":"Processed: \u001b[35mlayout/_partial/post/nav.ejs\u001b[39m","time":"2018-04-01T01:03:56.338Z","v":0}
{"name":"hexo","hostname":"lileideMBP.lan","pid":86012,"level":20,"msg":"Processed: \u001b[35mlayout/_partial/post/share.ejs\u001b[39m","time":"2018-04-01T01:03:56.338Z","v":0}
{"name":"hexo","hostname":"lileideMBP.lan","pid":86012,"level":20,"msg":"Processed: \u001b[35mlayout/_partial/post/tag.ejs\u001b[39m","time":"2018-04-01T01:03:56.338Z","v":0}
{"name":"hexo","hostname":"lileideMBP.lan","pid":86012,"level":20,"msg":"Processed: \u001b[35mlayout/_partial/post/title.ejs\u001b[39m","time":"2018-04-01T01:03:56.338Z","v":0}
{"name":"hexo","hostname":"lileideMBP.lan","pid":86012,"level":20,"msg":"Processed: \u001b[35mlayout/_partial/post/wangyiyun.ejs\u001b[39m","time":"2018-04-01T01:03:56.338Z","v":0}
{"name":"hexo","hostname":"lileideMBP.lan","pid":86012,"level":20,"msg":"Processed: \u001b[35mimg/algorithm.png\u001b[39m","time":"2018-04-01T01:03:56.341Z","v":0}
{"name":"hexo","hostname":"lileideMBP.lan","pid":86012,"level":20,"msg":"Processed: \u001b[35mimg/mathNotation.png\u001b[39m","time":"2018-04-01T01:03:56.341Z","v":0}
{"name":"hexo","hostname":"lileideMBP.lan","pid":86012,"level":20,"msg":"Processed: \u001b[35mimg/ret.gif\u001b[39m","time":"2018-04-01T01:03:56.341Z","v":0}
{"name":"hexo","hostname":"lileideMBP.lan","pid":86012,"level":20,"msg":"Processed: \u001b[35mimg/theta.png\u001b[39m","time":"2018-04-01T01:03:56.341Z","v":0}
{"name":"hexo","hostname":"lileideMBP.lan","pid":86012,"level":20,"msg":"Processed: \u001b[35mimg/adv_example.png\u001b[39m","time":"2018-04-01T01:03:56.344Z","v":0}
{"name":"hexo","hostname":"lileideMBP.lan","pid":86012,"level":20,"msg":"Processed: \u001b[35mimg/real_algorithm.png\u001b[39m","time":"2018-04-01T01:03:56.346Z","v":0}
{"name":"hexo","hostname":"lileideMBP.lan","pid":86012,"level":20,"msg":"Processed: \u001b[35mimg/landscape.png\u001b[39m","time":"2018-04-01T01:03:56.347Z","v":0}
{"name":"hexo","hostname":"lileideMBP.lan","pid":86012,"level":20,"msg":"Processed: \u001b[35mimg/vtable.png\u001b[39m","time":"2018-04-01T01:03:56.349Z","v":0}
{"name":"hexo","hostname":"lileideMBP.lan","pid":86012,"level":20,"msg":"Generator: \u001b[35mpage\u001b[39m","time":"2018-04-01T01:03:56.594Z","v":0}
{"name":"hexo","hostname":"lileideMBP.lan","pid":86012,"level":20,"msg":"Generator: \u001b[35mpost\u001b[39m","time":"2018-04-01T01:03:56.594Z","v":0}
{"name":"hexo","hostname":"lileideMBP.lan","pid":86012,"level":20,"msg":"Generator: \u001b[35mcategory\u001b[39m","time":"2018-04-01T01:03:56.595Z","v":0}
{"name":"hexo","hostname":"lileideMBP.lan","pid":86012,"level":20,"msg":"Generator: \u001b[35marchive\u001b[39m","time":"2018-04-01T01:03:56.595Z","v":0}
{"name":"hexo","hostname":"lileideMBP.lan","pid":86012,"level":20,"msg":"Generator: \u001b[35mindex\u001b[39m","time":"2018-04-01T01:03:56.595Z","v":0}
{"name":"hexo","hostname":"lileideMBP.lan","pid":86012,"level":20,"msg":"Generator: \u001b[35mjson-content\u001b[39m","time":"2018-04-01T01:03:56.595Z","v":0}
{"name":"hexo","hostname":"lileideMBP.lan","pid":86012,"level":20,"msg":"Generator: \u001b[35mtag\u001b[39m","time":"2018-04-01T01:03:56.595Z","v":0}
{"name":"hexo","hostname":"lileideMBP.lan","pid":86012,"level":20,"msg":"Generator: \u001b[35masset\u001b[39m","time":"2018-04-01T01:03:56.596Z","v":0}
{"name":"hexo","hostname":"lileideMBP.lan","pid":86012,"level":30,"msg":"Hexo is running at \u001b[4mhttp://localhost:4000/\u001b[24m. Press Ctrl+C to stop.","time":"2018-04-01T01:03:56.613Z","v":0}
{"name":"hexo","hostname":"lileideMBP.lan","pid":86012,"level":20,"msg":"Database saved","time":"2018-04-01T01:03:56.667Z","v":0}
{"name":"hexo","hostname":"lileideMBP.lan","pid":86012,"level":20,"msg":"Rendering index: \u001b[35mindex.html\u001b[39m","time":"2018-04-01T01:03:59.150Z","v":0}
{"name":"hexo","hostname":"lileideMBP.lan","pid":86012,"level":20,"msg":"Theme config loaded.","time":"2018-04-01T01:04:15.451Z","v":0}
{"name":"hexo","hostname":"lileideMBP.lan","pid":86012,"level":20,"msg":"Processed: \u001b[35m_config.yml\u001b[39m","time":"2018-04-01T01:04:15.451Z","v":0}
{"name":"hexo","hostname":"lileideMBP.lan","pid":86012,"level":20,"msg":"Generator: \u001b[35mpage\u001b[39m","time":"2018-04-01T01:04:15.646Z","v":0}
{"name":"hexo","hostname":"lileideMBP.lan","pid":86012,"level":20,"msg":"Generator: \u001b[35mpost\u001b[39m","time":"2018-04-01T01:04:15.647Z","v":0}
{"name":"hexo","hostname":"lileideMBP.lan","pid":86012,"level":20,"msg":"Generator: \u001b[35mcategory\u001b[39m","time":"2018-04-01T01:04:15.647Z","v":0}
{"name":"hexo","hostname":"lileideMBP.lan","pid":86012,"level":20,"msg":"Generator: \u001b[35marchive\u001b[39m","time":"2018-04-01T01:04:15.647Z","v":0}
{"name":"hexo","hostname":"lileideMBP.lan","pid":86012,"level":20,"msg":"Generator: \u001b[35mindex\u001b[39m","time":"2018-04-01T01:04:15.647Z","v":0}
{"name":"hexo","hostname":"lileideMBP.lan","pid":86012,"level":20,"msg":"Generator: \u001b[35mjson-content\u001b[39m","time":"2018-04-01T01:04:15.647Z","v":0}
{"name":"hexo","hostname":"lileideMBP.lan","pid":86012,"level":20,"msg":"Generator: \u001b[35mtag\u001b[39m","time":"2018-04-01T01:04:15.647Z","v":0}
{"name":"hexo","hostname":"lileideMBP.lan","pid":86012,"level":20,"msg":"Generator: \u001b[35masset\u001b[39m","time":"2018-04-01T01:04:15.648Z","v":0}
{"name":"hexo","hostname":"lileideMBP.lan","pid":86012,"level":30,"msg":"Good bye","time":"2018-04-01T01:04:18.555Z","v":0}
{"name":"hexo","hostname":"lileideMBP.lan","pid":86012,"level":20,"msg":"Database saved","time":"2018-04-01T01:04:18.652Z","v":0}
